2024-01-27 14:48:19.652 [info] Extension host with pid 20929 started
2024-01-27 14:48:19.653 [info] Skipping acquiring lock for /home/holden/.config/Code/User/workspaceStorage/baa6e760a908084dee0b061fd4883b40.
2024-01-27 14:48:19.868 [info] ExtensionService#_doActivateExtension vscode.git-base, startup: true, activationEvent: '*'
2024-01-27 14:48:19.908 [info] ExtensionService#_doActivateExtension vscode.github, startup: true, activationEvent: '*'
2024-01-27 14:48:19.963 [info] Eager extensions activated
2024-01-27 14:48:19.978 [info] ExtensionService#_doActivateExtension vscode.debug-auto-launch, startup: false, activationEvent: 'onStartupFinished'
2024-01-27 14:48:19.982 [info] ExtensionService#_doActivateExtension vscode.merge-conflict, startup: false, activationEvent: 'onStartupFinished'
2024-01-27 14:48:20.404 [info] ExtensionService#_doActivateExtension vscode.github-authentication, startup: false, activationEvent: 'onAuthenticationRequest:github'
2024-01-27 14:48:20.685 [info] ExtensionService#_doActivateExtension vscode.microsoft-authentication, startup: false, activationEvent: 'onAuthenticationRequest:microsoft'
2024-01-27 14:48:29.081 [info] ExtensionService#_doActivateExtension vscode.git, startup: false, activationEvent: 'api', root cause: vscode.github
2024-01-27 14:49:04.713 [info] Extension host terminating: renderer closed the MessagePort
2024-01-27 14:49:04.731 [error] Canceled: Canceled
	at new h (/opt/visual-studio-code/resources/app/out/vs/workbench/api/node/extensionHostProcess.js:107:57382)
	at i.O (/opt/visual-studio-code/resources/app/out/vs/workbench/api/node/extensionHostProcess.js:116:10850)
	at j.<computed>.T.charCodeAt.j.<computed> (/opt/visual-studio-code/resources/app/out/vs/workbench/api/node/extensionHostProcess.js:116:8289)
	at r.g (/opt/visual-studio-code/resources/app/out/vs/workbench/api/node/extensionHostProcess.js:107:82208)
	at r.executeCommand (/opt/visual-studio-code/resources/app/out/vs/workbench/api/node/extensionHostProcess.js:107:81646)
	at u.registerCommand.description (/opt/visual-studio-code/resources/app/out/vs/workbench/api/node/extensionHostProcess.js:107:80967)
	at r.h (/opt/visual-studio-code/resources/app/out/vs/workbench/api/node/extensionHostProcess.js:107:82744)
	at r.g (/opt/visual-studio-code/resources/app/out/vs/workbench/api/node/extensionHostProcess.js:107:81739)
	at r.executeCommand (/opt/visual-studio-code/resources/app/out/vs/workbench/api/node/extensionHostProcess.js:107:81646)
	at Object.executeCommand (/opt/visual-studio-code/resources/app/out/vs/workbench/api/node/extensionHostProcess.js:122:21247)
	at n.D [as value] (/opt/visual-studio-code/resources/app/extensions/git/dist/main.js:2:1309000)
	at m.w (/opt/visual-studio-code/resources/app/out/vs/workbench/api/node/extensionHostProcess.js:63:1902)
	at m.x (/opt/visual-studio-code/resources/app/out/vs/workbench/api/node/extensionHostProcess.js:63:1972)
	at m.fire (/opt/visual-studio-code/resources/app/out/vs/workbench/api/node/extensionHostProcess.js:63:2188)
	at Object.m [as dispose] (/opt/visual-studio-code/resources/app/extensions/git/dist/main.js:2:1324784)
	at /opt/visual-studio-code/resources/app/extensions/git/dist/main.js:2:1329625
	at Array.forEach (<anonymous>)
	at g.dispose (/opt/visual-studio-code/resources/app/extensions/git/dist/main.js:2:1329611)
	at E.<anonymous> (/opt/visual-studio-code/resources/app/out/vs/workbench/api/node/extensionHostProcess.js:103:3484)
	at E.dispose (/opt/visual-studio-code/resources/app/out/vs/workbench/api/node/extensionHostProcess.js:103:3581)
	at E.<anonymous> (/opt/visual-studio-code/resources/app/extensions/git/dist/main.js:2:1311012)
	at E.dispose (/opt/visual-studio-code/resources/app/out/vs/workbench/api/node/extensionHostProcess.js:103:3581)
	at k (/opt/visual-studio-code/resources/app/out/vs/workbench/api/node/extensionHostProcess.js:13:11730)
	at n.Z (/opt/visual-studio-code/resources/app/out/vs/workbench/api/node/extensionHostProcess.js:118:9652)
	at /opt/visual-studio-code/resources/app/out/vs/workbench/api/node/extensionHostProcess.js:118:7585
	at Array.map (<anonymous>)
	at n.S (/opt/visual-studio-code/resources/app/out/vs/workbench/api/node/extensionHostProcess.js:118:7572)
	at n.terminate (/opt/visual-studio-code/resources/app/out/vs/workbench/api/node/extensionHostProcess.js:118:7844)
	at o.terminate (/opt/visual-studio-code/resources/app/out/vs/workbench/api/node/extensionHostProcess.js:122:1513)
	at D (/opt/visual-studio-code/resources/app/out/vs/workbench/api/node/extensionHostProcess.js:135:9800)
	at MessagePortMain.<anonymous> (/opt/visual-studio-code/resources/app/out/vs/workbench/api/node/extensionHostProcess.js:135:6225)
	at MessagePortMain.emit (node:events:513:28)
	at MessagePortMain._internalPort.emit (node:electron/js2c/utility_init:2:367) setContext undefined
2024-01-27 14:49:04.732 [error] Canceled: Canceled
	at new h (/opt/visual-studio-code/resources/app/out/vs/workbench/api/node/extensionHostProcess.js:107:57382)
	at i.O (/opt/visual-studio-code/resources/app/out/vs/workbench/api/node/extensionHostProcess.js:116:10850)
	at j.<computed>.T.charCodeAt.j.<computed> (/opt/visual-studio-code/resources/app/out/vs/workbench/api/node/extensionHostProcess.js:116:8289)
	at r.g (/opt/visual-studio-code/resources/app/out/vs/workbench/api/node/extensionHostProcess.js:107:82208)
	at r.executeCommand (/opt/visual-studio-code/resources/app/out/vs/workbench/api/node/extensionHostProcess.js:107:81646)
	at u.registerCommand.description (/opt/visual-studio-code/resources/app/out/vs/workbench/api/node/extensionHostProcess.js:107:80967)
	at r.h (/opt/visual-studio-code/resources/app/out/vs/workbench/api/node/extensionHostProcess.js:107:82744)
	at r.g (/opt/visual-studio-code/resources/app/out/vs/workbench/api/node/extensionHostProcess.js:107:81739)
	at r.executeCommand (/opt/visual-studio-code/resources/app/out/vs/workbench/api/node/extensionHostProcess.js:107:81646)
	at Object.executeCommand (/opt/visual-studio-code/resources/app/out/vs/workbench/api/node/extensionHostProcess.js:122:21247)
	at set b [as b] (/opt/visual-studio-code/resources/app/extensions/github/dist/extension.js:2:714434)
	at /opt/visual-studio-code/resources/app/extensions/github/dist/extension.js:2:715075
	at n.value (/opt/visual-studio-code/resources/app/extensions/git/dist/main.js:2:1396602)
	at m.w (/opt/visual-studio-code/resources/app/out/vs/workbench/api/node/extensionHostProcess.js:63:1902)
	at m.x (/opt/visual-studio-code/resources/app/out/vs/workbench/api/node/extensionHostProcess.js:63:1972)
	at m.fire (/opt/visual-studio-code/resources/app/out/vs/workbench/api/node/extensionHostProcess.js:63:2188)
	at Object.m [as dispose] (/opt/visual-studio-code/resources/app/extensions/git/dist/main.js:2:1324784)
	at /opt/visual-studio-code/resources/app/extensions/git/dist/main.js:2:1329625
	at Array.forEach (<anonymous>)
	at g.dispose (/opt/visual-studio-code/resources/app/extensions/git/dist/main.js:2:1329611)
	at E.<anonymous> (/opt/visual-studio-code/resources/app/out/vs/workbench/api/node/extensionHostProcess.js:103:3484)
	at E.dispose (/opt/visual-studio-code/resources/app/out/vs/workbench/api/node/extensionHostProcess.js:103:3581)
	at E.<anonymous> (/opt/visual-studio-code/resources/app/extensions/git/dist/main.js:2:1311012)
	at E.dispose (/opt/visual-studio-code/resources/app/out/vs/workbench/api/node/extensionHostProcess.js:103:3581)
	at k (/opt/visual-studio-code/resources/app/out/vs/workbench/api/node/extensionHostProcess.js:13:11730)
	at n.Z (/opt/visual-studio-code/resources/app/out/vs/workbench/api/node/extensionHostProcess.js:118:9652)
	at /opt/visual-studio-code/resources/app/out/vs/workbench/api/node/extensionHostProcess.js:118:7585
	at Array.map (<anonymous>)
	at n.S (/opt/visual-studio-code/resources/app/out/vs/workbench/api/node/extensionHostProcess.js:118:7572)
	at n.terminate (/opt/visual-studio-code/resources/app/out/vs/workbench/api/node/extensionHostProcess.js:118:7844)
	at o.terminate (/opt/visual-studio-code/resources/app/out/vs/workbench/api/node/extensionHostProcess.js:122:1513)
	at D (/opt/visual-studio-code/resources/app/out/vs/workbench/api/node/extensionHostProcess.js:135:9800)
	at MessagePortMain.<anonymous> (/opt/visual-studio-code/resources/app/out/vs/workbench/api/node/extensionHostProcess.js:135:6225)
	at MessagePortMain.emit (node:events:513:28)
	at MessagePortMain._internalPort.emit (node:electron/js2c/utility_init:2:367) setContext undefined
2024-01-27 14:49:04.732 [error] Canceled: Canceled
	at new h (/opt/visual-studio-code/resources/app/out/vs/workbench/api/node/extensionHostProcess.js:107:57382)
	at i.O (/opt/visual-studio-code/resources/app/out/vs/workbench/api/node/extensionHostProcess.js:116:10850)
	at j.<computed>.T.charCodeAt.j.<computed> (/opt/visual-studio-code/resources/app/out/vs/workbench/api/node/extensionHostProcess.js:116:8289)
	at r.g (/opt/visual-studio-code/resources/app/out/vs/workbench/api/node/extensionHostProcess.js:107:82208)
	at r.executeCommand (/opt/visual-studio-code/resources/app/out/vs/workbench/api/node/extensionHostProcess.js:107:81646)
	at u.registerCommand.description (/opt/visual-studio-code/resources/app/out/vs/workbench/api/node/extensionHostProcess.js:107:80967)
	at r.h (/opt/visual-studio-code/resources/app/out/vs/workbench/api/node/extensionHostProcess.js:107:82744)
	at r.g (/opt/visual-studio-code/resources/app/out/vs/workbench/api/node/extensionHostProcess.js:107:81739)
	at r.executeCommand (/opt/visual-studio-code/resources/app/out/vs/workbench/api/node/extensionHostProcess.js:107:81646)
	at Object.executeCommand (/opt/visual-studio-code/resources/app/out/vs/workbench/api/node/extensionHostProcess.js:122:21247)
	at n.D [as value] (/opt/visual-studio-code/resources/app/extensions/git/dist/main.js:2:1309000)
	at m.w (/opt/visual-studio-code/resources/app/out/vs/workbench/api/node/extensionHostProcess.js:63:1902)
	at m.x (/opt/visual-studio-code/resources/app/out/vs/workbench/api/node/extensionHostProcess.js:63:1972)
	at m.fire (/opt/visual-studio-code/resources/app/out/vs/workbench/api/node/extensionHostProcess.js:63:2188)
	at Object.m [as dispose] (/opt/visual-studio-code/resources/app/extensions/git/dist/main.js:2:1324784)
	at /opt/visual-studio-code/resources/app/extensions/git/dist/main.js:2:1329625
	at Array.forEach (<anonymous>)
	at g.dispose (/opt/visual-studio-code/resources/app/extensions/git/dist/main.js:2:1329611)
	at E.<anonymous> (/opt/visual-studio-code/resources/app/out/vs/workbench/api/node/extensionHostProcess.js:103:3484)
	at E.dispose (/opt/visual-studio-code/resources/app/out/vs/workbench/api/node/extensionHostProcess.js:103:3581)
	at E.<anonymous> (/opt/visual-studio-code/resources/app/extensions/git/dist/main.js:2:1311012)
	at E.dispose (/opt/visual-studio-code/resources/app/out/vs/workbench/api/node/extensionHostProcess.js:103:3581)
	at k (/opt/visual-studio-code/resources/app/out/vs/workbench/api/node/extensionHostProcess.js:13:11730)
	at n.Z (/opt/visual-studio-code/resources/app/out/vs/workbench/api/node/extensionHostProcess.js:118:9652)
	at /opt/visual-studio-code/resources/app/out/vs/workbench/api/node/extensionHostProcess.js:118:7585
	at Array.map (<anonymous>)
	at n.S (/opt/visual-studio-code/resources/app/out/vs/workbench/api/node/extensionHostProcess.js:118:7572)
	at n.terminate (/opt/visual-studio-code/resources/app/out/vs/workbench/api/node/extensionHostProcess.js:118:7844)
	at o.terminate (/opt/visual-studio-code/resources/app/out/vs/workbench/api/node/extensionHostProcess.js:122:1513)
	at D (/opt/visual-studio-code/resources/app/out/vs/workbench/api/node/extensionHostProcess.js:135:9800)
	at MessagePortMain.<anonymous> (/opt/visual-studio-code/resources/app/out/vs/workbench/api/node/extensionHostProcess.js:135:6225)
	at MessagePortMain.emit (node:events:513:28)
	at MessagePortMain._internalPort.emit (node:electron/js2c/utility_init:2:367) setContext undefined
2024-01-27 14:49:04.732 [error] Canceled: Canceled
	at new h (/opt/visual-studio-code/resources/app/out/vs/workbench/api/node/extensionHostProcess.js:107:57382)
	at i.O (/opt/visual-studio-code/resources/app/out/vs/workbench/api/node/extensionHostProcess.js:116:10850)
	at j.<computed>.T.charCodeAt.j.<computed> (/opt/visual-studio-code/resources/app/out/vs/workbench/api/node/extensionHostProcess.js:116:8289)
	at r.g (/opt/visual-studio-code/resources/app/out/vs/workbench/api/node/extensionHostProcess.js:107:82208)
	at r.executeCommand (/opt/visual-studio-code/resources/app/out/vs/workbench/api/node/extensionHostProcess.js:107:81646)
	at u.registerCommand.description (/opt/visual-studio-code/resources/app/out/vs/workbench/api/node/extensionHostProcess.js:107:80967)
	at r.h (/opt/visual-studio-code/resources/app/out/vs/workbench/api/node/extensionHostProcess.js:107:82744)
	at r.g (/opt/visual-studio-code/resources/app/out/vs/workbench/api/node/extensionHostProcess.js:107:81739)
	at r.executeCommand (/opt/visual-studio-code/resources/app/out/vs/workbench/api/node/extensionHostProcess.js:107:81646)
	at Object.executeCommand (/opt/visual-studio-code/resources/app/out/vs/workbench/api/node/extensionHostProcess.js:122:21247)
	at set b [as b] (/opt/visual-studio-code/resources/app/extensions/github/dist/extension.js:2:714434)
	at /opt/visual-studio-code/resources/app/extensions/github/dist/extension.js:2:715075
	at n.value (/opt/visual-studio-code/resources/app/extensions/git/dist/main.js:2:1396602)
	at m.w (/opt/visual-studio-code/resources/app/out/vs/workbench/api/node/extensionHostProcess.js:63:1902)
	at m.x (/opt/visual-studio-code/resources/app/out/vs/workbench/api/node/extensionHostProcess.js:63:1972)
	at m.fire (/opt/visual-studio-code/resources/app/out/vs/workbench/api/node/extensionHostProcess.js:63:2188)
	at Object.m [as dispose] (/opt/visual-studio-code/resources/app/extensions/git/dist/main.js:2:1324784)
	at /opt/visual-studio-code/resources/app/extensions/git/dist/main.js:2:1329625
	at Array.forEach (<anonymous>)
	at g.dispose (/opt/visual-studio-code/resources/app/extensions/git/dist/main.js:2:1329611)
	at E.<anonymous> (/opt/visual-studio-code/resources/app/out/vs/workbench/api/node/extensionHostProcess.js:103:3484)
	at E.dispose (/opt/visual-studio-code/resources/app/out/vs/workbench/api/node/extensionHostProcess.js:103:3581)
	at E.<anonymous> (/opt/visual-studio-code/resources/app/extensions/git/dist/main.js:2:1311012)
	at E.dispose (/opt/visual-studio-code/resources/app/out/vs/workbench/api/node/extensionHostProcess.js:103:3581)
	at k (/opt/visual-studio-code/resources/app/out/vs/workbench/api/node/extensionHostProcess.js:13:11730)
	at n.Z (/opt/visual-studio-code/resources/app/out/vs/workbench/api/node/extensionHostProcess.js:118:9652)
	at /opt/visual-studio-code/resources/app/out/vs/workbench/api/node/extensionHostProcess.js:118:7585
	at Array.map (<anonymous>)
	at n.S (/opt/visual-studio-code/resources/app/out/vs/workbench/api/node/extensionHostProcess.js:118:7572)
	at n.terminate (/opt/visual-studio-code/resources/app/out/vs/workbench/api/node/extensionHostProcess.js:118:7844)
	at o.terminate (/opt/visual-studio-code/resources/app/out/vs/workbench/api/node/extensionHostProcess.js:122:1513)
	at D (/opt/visual-studio-code/resources/app/out/vs/workbench/api/node/extensionHostProcess.js:135:9800)
	at MessagePortMain.<anonymous> (/opt/visual-studio-code/resources/app/out/vs/workbench/api/node/extensionHostProcess.js:135:6225)
	at MessagePortMain.emit (node:events:513:28)
	at MessagePortMain._internalPort.emit (node:electron/js2c/utility_init:2:367) setContext undefined
2024-01-27 14:49:04.732 [error] Canceled: Canceled
	at new h (/opt/visual-studio-code/resources/app/out/vs/workbench/api/node/extensionHostProcess.js:107:57382)
	at i.O (/opt/visual-studio-code/resources/app/out/vs/workbench/api/node/extensionHostProcess.js:116:10850)
	at j.<computed>.T.charCodeAt.j.<computed> (/opt/visual-studio-code/resources/app/out/vs/workbench/api/node/extensionHostProcess.js:116:8289)
	at r.g (/opt/visual-studio-code/resources/app/out/vs/workbench/api/node/extensionHostProcess.js:107:82208)
	at r.executeCommand (/opt/visual-studio-code/resources/app/out/vs/workbench/api/node/extensionHostProcess.js:107:81646)
	at u.registerCommand.description (/opt/visual-studio-code/resources/app/out/vs/workbench/api/node/extensionHostProcess.js:107:80967)
	at r.h (/opt/visual-studio-code/resources/app/out/vs/workbench/api/node/extensionHostProcess.js:107:82744)
	at r.g (/opt/visual-studio-code/resources/app/out/vs/workbench/api/node/extensionHostProcess.js:107:81739)
	at r.executeCommand (/opt/visual-studio-code/resources/app/out/vs/workbench/api/node/extensionHostProcess.js:107:81646)
	at Object.executeCommand (/opt/visual-studio-code/resources/app/out/vs/workbench/api/node/extensionHostProcess.js:122:21247)
	at n.D [as value] (/opt/visual-studio-code/resources/app/extensions/git/dist/main.js:2:1309000)
	at m.w (/opt/visual-studio-code/resources/app/out/vs/workbench/api/node/extensionHostProcess.js:63:1902)
	at m.x (/opt/visual-studio-code/resources/app/out/vs/workbench/api/node/extensionHostProcess.js:63:1972)
	at m.fire (/opt/visual-studio-code/resources/app/out/vs/workbench/api/node/extensionHostProcess.js:63:2188)
	at Object.m [as dispose] (/opt/visual-studio-code/resources/app/extensions/git/dist/main.js:2:1324784)
	at /opt/visual-studio-code/resources/app/extensions/git/dist/main.js:2:1329625
	at Array.forEach (<anonymous>)
	at g.dispose (/opt/visual-studio-code/resources/app/extensions/git/dist/main.js:2:1329611)
	at E.<anonymous> (/opt/visual-studio-code/resources/app/out/vs/workbench/api/node/extensionHostProcess.js:103:3484)
	at E.dispose (/opt/visual-studio-code/resources/app/out/vs/workbench/api/node/extensionHostProcess.js:103:3581)
	at E.<anonymous> (/opt/visual-studio-code/resources/app/extensions/git/dist/main.js:2:1311012)
	at E.dispose (/opt/visual-studio-code/resources/app/out/vs/workbench/api/node/extensionHostProcess.js:103:3581)
	at k (/opt/visual-studio-code/resources/app/out/vs/workbench/api/node/extensionHostProcess.js:13:11730)
	at n.Z (/opt/visual-studio-code/resources/app/out/vs/workbench/api/node/extensionHostProcess.js:118:9652)
	at /opt/visual-studio-code/resources/app/out/vs/workbench/api/node/extensionHostProcess.js:118:7585
	at Array.map (<anonymous>)
	at n.S (/opt/visual-studio-code/resources/app/out/vs/workbench/api/node/extensionHostProcess.js:118:7572)
	at n.terminate (/opt/visual-studio-code/resources/app/out/vs/workbench/api/node/extensionHostProcess.js:118:7844)
	at o.terminate (/opt/visual-studio-code/resources/app/out/vs/workbench/api/node/extensionHostProcess.js:122:1513)
	at D (/opt/visual-studio-code/resources/app/out/vs/workbench/api/node/extensionHostProcess.js:135:9800)
	at MessagePortMain.<anonymous> (/opt/visual-studio-code/resources/app/out/vs/workbench/api/node/extensionHostProcess.js:135:6225)
	at MessagePortMain.emit (node:events:513:28)
	at MessagePortMain._internalPort.emit (node:electron/js2c/utility_init:2:367) setContext undefined
2024-01-27 14:49:04.733 [error] Canceled: Canceled
	at new h (/opt/visual-studio-code/resources/app/out/vs/workbench/api/node/extensionHostProcess.js:107:57382)
	at i.O (/opt/visual-studio-code/resources/app/out/vs/workbench/api/node/extensionHostProcess.js:116:10850)
	at j.<computed>.T.charCodeAt.j.<computed> (/opt/visual-studio-code/resources/app/out/vs/workbench/api/node/extensionHostProcess.js:116:8289)
	at r.g (/opt/visual-studio-code/resources/app/out/vs/workbench/api/node/extensionHostProcess.js:107:82208)
	at r.executeCommand (/opt/visual-studio-code/resources/app/out/vs/workbench/api/node/extensionHostProcess.js:107:81646)
	at u.registerCommand.description (/opt/visual-studio-code/resources/app/out/vs/workbench/api/node/extensionHostProcess.js:107:80967)
	at r.h (/opt/visual-studio-code/resources/app/out/vs/workbench/api/node/extensionHostProcess.js:107:82744)
	at r.g (/opt/visual-studio-code/resources/app/out/vs/workbench/api/node/extensionHostProcess.js:107:81739)
	at r.executeCommand (/opt/visual-studio-code/resources/app/out/vs/workbench/api/node/extensionHostProcess.js:107:81646)
	at Object.executeCommand (/opt/visual-studio-code/resources/app/out/vs/workbench/api/node/extensionHostProcess.js:122:21247)
	at set b [as b] (/opt/visual-studio-code/resources/app/extensions/github/dist/extension.js:2:714434)
	at /opt/visual-studio-code/resources/app/extensions/github/dist/extension.js:2:715075
	at n.value (/opt/visual-studio-code/resources/app/extensions/git/dist/main.js:2:1396602)
	at m.w (/opt/visual-studio-code/resources/app/out/vs/workbench/api/node/extensionHostProcess.js:63:1902)
	at m.x (/opt/visual-studio-code/resources/app/out/vs/workbench/api/node/extensionHostProcess.js:63:1972)
	at m.fire (/opt/visual-studio-code/resources/app/out/vs/workbench/api/node/extensionHostProcess.js:63:2188)
	at Object.m [as dispose] (/opt/visual-studio-code/resources/app/extensions/git/dist/main.js:2:1324784)
	at /opt/visual-studio-code/resources/app/extensions/git/dist/main.js:2:1329625
	at Array.forEach (<anonymous>)
	at g.dispose (/opt/visual-studio-code/resources/app/extensions/git/dist/main.js:2:1329611)
	at E.<anonymous> (/opt/visual-studio-code/resources/app/out/vs/workbench/api/node/extensionHostProcess.js:103:3484)
	at E.dispose (/opt/visual-studio-code/resources/app/out/vs/workbench/api/node/extensionHostProcess.js:103:3581)
	at E.<anonymous> (/opt/visual-studio-code/resources/app/extensions/git/dist/main.js:2:1311012)
	at E.dispose (/opt/visual-studio-code/resources/app/out/vs/workbench/api/node/extensionHostProcess.js:103:3581)
	at k (/opt/visual-studio-code/resources/app/out/vs/workbench/api/node/extensionHostProcess.js:13:11730)
	at n.Z (/opt/visual-studio-code/resources/app/out/vs/workbench/api/node/extensionHostProcess.js:118:9652)
	at /opt/visual-studio-code/resources/app/out/vs/workbench/api/node/extensionHostProcess.js:118:7585
	at Array.map (<anonymous>)
	at n.S (/opt/visual-studio-code/resources/app/out/vs/workbench/api/node/extensionHostProcess.js:118:7572)
	at n.terminate (/opt/visual-studio-code/resources/app/out/vs/workbench/api/node/extensionHostProcess.js:118:7844)
	at o.terminate (/opt/visual-studio-code/resources/app/out/vs/workbench/api/node/extensionHostProcess.js:122:1513)
	at D (/opt/visual-studio-code/resources/app/out/vs/workbench/api/node/extensionHostProcess.js:135:9800)
	at MessagePortMain.<anonymous> (/opt/visual-studio-code/resources/app/out/vs/workbench/api/node/extensionHostProcess.js:135:6225)
	at MessagePortMain.emit (node:events:513:28)
	at MessagePortMain._internalPort.emit (node:electron/js2c/utility_init:2:367) setContext undefined
2024-01-27 14:49:04.733 [error] Canceled: Canceled
	at new h (/opt/visual-studio-code/resources/app/out/vs/workbench/api/node/extensionHostProcess.js:107:57382)
	at i.O (/opt/visual-studio-code/resources/app/out/vs/workbench/api/node/extensionHostProcess.js:116:10850)
	at j.<computed>.T.charCodeAt.j.<computed> (/opt/visual-studio-code/resources/app/out/vs/workbench/api/node/extensionHostProcess.js:116:8289)
	at r.g (/opt/visual-studio-code/resources/app/out/vs/workbench/api/node/extensionHostProcess.js:107:82208)
	at r.executeCommand (/opt/visual-studio-code/resources/app/out/vs/workbench/api/node/extensionHostProcess.js:107:81646)
	at u.registerCommand.description (/opt/visual-studio-code/resources/app/out/vs/workbench/api/node/extensionHostProcess.js:107:80967)
	at r.h (/opt/visual-studio-code/resources/app/out/vs/workbench/api/node/extensionHostProcess.js:107:82744)
	at r.g (/opt/visual-studio-code/resources/app/out/vs/workbench/api/node/extensionHostProcess.js:107:81739)
	at r.executeCommand (/opt/visual-studio-code/resources/app/out/vs/workbench/api/node/extensionHostProcess.js:107:81646)
	at Object.executeCommand (/opt/visual-studio-code/resources/app/out/vs/workbench/api/node/extensionHostProcess.js:122:21247)
	at n.D [as value] (/opt/visual-studio-code/resources/app/extensions/git/dist/main.js:2:1309000)
	at m.w (/opt/visual-studio-code/resources/app/out/vs/workbench/api/node/extensionHostProcess.js:63:1902)
	at m.x (/opt/visual-studio-code/resources/app/out/vs/workbench/api/node/extensionHostProcess.js:63:1972)
	at m.fire (/opt/visual-studio-code/resources/app/out/vs/workbench/api/node/extensionHostProcess.js:63:2188)
	at Object.m [as dispose] (/opt/visual-studio-code/resources/app/extensions/git/dist/main.js:2:1324784)
	at /opt/visual-studio-code/resources/app/extensions/git/dist/main.js:2:1329625
	at Array.forEach (<anonymous>)
	at g.dispose (/opt/visual-studio-code/resources/app/extensions/git/dist/main.js:2:1329611)
	at E.<anonymous> (/opt/visual-studio-code/resources/app/out/vs/workbench/api/node/extensionHostProcess.js:103:3484)
	at E.dispose (/opt/visual-studio-code/resources/app/out/vs/workbench/api/node/extensionHostProcess.js:103:3581)
	at E.<anonymous> (/opt/visual-studio-code/resources/app/extensions/git/dist/main.js:2:1311012)
	at E.dispose (/opt/visual-studio-code/resources/app/out/vs/workbench/api/node/extensionHostProcess.js:103:3581)
	at k (/opt/visual-studio-code/resources/app/out/vs/workbench/api/node/extensionHostProcess.js:13:11730)
	at n.Z (/opt/visual-studio-code/resources/app/out/vs/workbench/api/node/extensionHostProcess.js:118:9652)
	at /opt/visual-studio-code/resources/app/out/vs/workbench/api/node/extensionHostProcess.js:118:7585
	at Array.map (<anonymous>)
	at n.S (/opt/visual-studio-code/resources/app/out/vs/workbench/api/node/extensionHostProcess.js:118:7572)
	at n.terminate (/opt/visual-studio-code/resources/app/out/vs/workbench/api/node/extensionHostProcess.js:118:7844)
	at o.terminate (/opt/visual-studio-code/resources/app/out/vs/workbench/api/node/extensionHostProcess.js:122:1513)
	at D (/opt/visual-studio-code/resources/app/out/vs/workbench/api/node/extensionHostProcess.js:135:9800)
	at MessagePortMain.<anonymous> (/opt/visual-studio-code/resources/app/out/vs/workbench/api/node/extensionHostProcess.js:135:6225)
	at MessagePortMain.emit (node:events:513:28)
	at MessagePortMain._internalPort.emit (node:electron/js2c/utility_init:2:367) setContext undefined
2024-01-27 14:49:04.733 [error] Canceled: Canceled
	at new h (/opt/visual-studio-code/resources/app/out/vs/workbench/api/node/extensionHostProcess.js:107:57382)
	at i.O (/opt/visual-studio-code/resources/app/out/vs/workbench/api/node/extensionHostProcess.js:116:10850)
	at j.<computed>.T.charCodeAt.j.<computed> (/opt/visual-studio-code/resources/app/out/vs/workbench/api/node/extensionHostProcess.js:116:8289)
	at r.g (/opt/visual-studio-code/resources/app/out/vs/workbench/api/node/extensionHostProcess.js:107:82208)
	at r.executeCommand (/opt/visual-studio-code/resources/app/out/vs/workbench/api/node/extensionHostProcess.js:107:81646)
	at u.registerCommand.description (/opt/visual-studio-code/resources/app/out/vs/workbench/api/node/extensionHostProcess.js:107:80967)
	at r.h (/opt/visual-studio-code/resources/app/out/vs/workbench/api/node/extensionHostProcess.js:107:82744)
	at r.g (/opt/visual-studio-code/resources/app/out/vs/workbench/api/node/extensionHostProcess.js:107:81739)
	at r.executeCommand (/opt/visual-studio-code/resources/app/out/vs/workbench/api/node/extensionHostProcess.js:107:81646)
	at Object.executeCommand (/opt/visual-studio-code/resources/app/out/vs/workbench/api/node/extensionHostProcess.js:122:21247)
	at set b [as b] (/opt/visual-studio-code/resources/app/extensions/github/dist/extension.js:2:714434)
	at /opt/visual-studio-code/resources/app/extensions/github/dist/extension.js:2:715075
	at n.value (/opt/visual-studio-code/resources/app/extensions/git/dist/main.js:2:1396602)
	at m.w (/opt/visual-studio-code/resources/app/out/vs/workbench/api/node/extensionHostProcess.js:63:1902)
	at m.x (/opt/visual-studio-code/resources/app/out/vs/workbench/api/node/extensionHostProcess.js:63:1972)
	at m.fire (/opt/visual-studio-code/resources/app/out/vs/workbench/api/node/extensionHostProcess.js:63:2188)
	at Object.m [as dispose] (/opt/visual-studio-code/resources/app/extensions/git/dist/main.js:2:1324784)
	at /opt/visual-studio-code/resources/app/extensions/git/dist/main.js:2:1329625
	at Array.forEach (<anonymous>)
	at g.dispose (/opt/visual-studio-code/resources/app/extensions/git/dist/main.js:2:1329611)
	at E.<anonymous> (/opt/visual-studio-code/resources/app/out/vs/workbench/api/node/extensionHostProcess.js:103:3484)
	at E.dispose (/opt/visual-studio-code/resources/app/out/vs/workbench/api/node/extensionHostProcess.js:103:3581)
	at E.<anonymous> (/opt/visual-studio-code/resources/app/extensions/git/dist/main.js:2:1311012)
	at E.dispose (/opt/visual-studio-code/resources/app/out/vs/workbench/api/node/extensionHostProcess.js:103:3581)
	at k (/opt/visual-studio-code/resources/app/out/vs/workbench/api/node/extensionHostProcess.js:13:11730)
	at n.Z (/opt/visual-studio-code/resources/app/out/vs/workbench/api/node/extensionHostProcess.js:118:9652)
	at /opt/visual-studio-code/resources/app/out/vs/workbench/api/node/extensionHostProcess.js:118:7585
	at Array.map (<anonymous>)
	at n.S (/opt/visual-studio-code/resources/app/out/vs/workbench/api/node/extensionHostProcess.js:118:7572)
	at n.terminate (/opt/visual-studio-code/resources/app/out/vs/workbench/api/node/extensionHostProcess.js:118:7844)
	at o.terminate (/opt/visual-studio-code/resources/app/out/vs/workbench/api/node/extensionHostProcess.js:122:1513)
	at D (/opt/visual-studio-code/resources/app/out/vs/workbench/api/node/extensionHostProcess.js:135:9800)
	at MessagePortMain.<anonymous> (/opt/visual-studio-code/resources/app/out/vs/workbench/api/node/extensionHostProcess.js:135:6225)
	at MessagePortMain.emit (node:events:513:28)
	at MessagePortMain._internalPort.emit (node:electron/js2c/utility_init:2:367) setContext undefined
2024-01-27 14:49:04.733 [error] Canceled: Canceled
	at new h (/opt/visual-studio-code/resources/app/out/vs/workbench/api/node/extensionHostProcess.js:107:57382)
	at i.O (/opt/visual-studio-code/resources/app/out/vs/workbench/api/node/extensionHostProcess.js:116:10850)
	at j.<computed>.T.charCodeAt.j.<computed> (/opt/visual-studio-code/resources/app/out/vs/workbench/api/node/extensionHostProcess.js:116:8289)
	at r.g (/opt/visual-studio-code/resources/app/out/vs/workbench/api/node/extensionHostProcess.js:107:82208)
	at r.executeCommand (/opt/visual-studio-code/resources/app/out/vs/workbench/api/node/extensionHostProcess.js:107:81646)
	at u.registerCommand.description (/opt/visual-studio-code/resources/app/out/vs/workbench/api/node/extensionHostProcess.js:107:80967)
	at r.h (/opt/visual-studio-code/resources/app/out/vs/workbench/api/node/extensionHostProcess.js:107:82744)
	at r.g (/opt/visual-studio-code/resources/app/out/vs/workbench/api/node/extensionHostProcess.js:107:81739)
	at r.executeCommand (/opt/visual-studio-code/resources/app/out/vs/workbench/api/node/extensionHostProcess.js:107:81646)
	at Object.executeCommand (/opt/visual-studio-code/resources/app/out/vs/workbench/api/node/extensionHostProcess.js:122:21247)
	at n.D [as value] (/opt/visual-studio-code/resources/app/extensions/git/dist/main.js:2:1309000)
	at m.w (/opt/visual-studio-code/resources/app/out/vs/workbench/api/node/extensionHostProcess.js:63:1902)
	at m.x (/opt/visual-studio-code/resources/app/out/vs/workbench/api/node/extensionHostProcess.js:63:1972)
	at m.fire (/opt/visual-studio-code/resources/app/out/vs/workbench/api/node/extensionHostProcess.js:63:2188)
	at Object.m [as dispose] (/opt/visual-studio-code/resources/app/extensions/git/dist/main.js:2:1324784)
	at /opt/visual-studio-code/resources/app/extensions/git/dist/main.js:2:1329625
	at Array.forEach (<anonymous>)
	at g.dispose (/opt/visual-studio-code/resources/app/extensions/git/dist/main.js:2:1329611)
	at E.<anonymous> (/opt/visual-studio-code/resources/app/out/vs/workbench/api/node/extensionHostProcess.js:103:3484)
	at E.dispose (/opt/visual-studio-code/resources/app/out/vs/workbench/api/node/extensionHostProcess.js:103:3581)
	at E.<anonymous> (/opt/visual-studio-code/resources/app/extensions/git/dist/main.js:2:1311012)
	at E.dispose (/opt/visual-studio-code/resources/app/out/vs/workbench/api/node/extensionHostProcess.js:103:3581)
	at k (/opt/visual-studio-code/resources/app/out/vs/workbench/api/node/extensionHostProcess.js:13:11730)
	at n.Z (/opt/visual-studio-code/resources/app/out/vs/workbench/api/node/extensionHostProcess.js:118:9652)
	at /opt/visual-studio-code/resources/app/out/vs/workbench/api/node/extensionHostProcess.js:118:7585
	at Array.map (<anonymous>)
	at n.S (/opt/visual-studio-code/resources/app/out/vs/workbench/api/node/extensionHostProcess.js:118:7572)
	at n.terminate (/opt/visual-studio-code/resources/app/out/vs/workbench/api/node/extensionHostProcess.js:118:7844)
	at o.terminate (/opt/visual-studio-code/resources/app/out/vs/workbench/api/node/extensionHostProcess.js:122:1513)
	at D (/opt/visual-studio-code/resources/app/out/vs/workbench/api/node/extensionHostProcess.js:135:9800)
	at MessagePortMain.<anonymous> (/opt/visual-studio-code/resources/app/out/vs/workbench/api/node/extensionHostProcess.js:135:6225)
	at MessagePortMain.emit (node:events:513:28)
	at MessagePortMain._internalPort.emit (node:electron/js2c/utility_init:2:367) setContext undefined
2024-01-27 14:49:04.734 [error] Canceled: Canceled
	at new h (/opt/visual-studio-code/resources/app/out/vs/workbench/api/node/extensionHostProcess.js:107:57382)
	at i.O (/opt/visual-studio-code/resources/app/out/vs/workbench/api/node/extensionHostProcess.js:116:10850)
	at j.<computed>.T.charCodeAt.j.<computed> (/opt/visual-studio-code/resources/app/out/vs/workbench/api/node/extensionHostProcess.js:116:8289)
	at r.g (/opt/visual-studio-code/resources/app/out/vs/workbench/api/node/extensionHostProcess.js:107:82208)
	at r.executeCommand (/opt/visual-studio-code/resources/app/out/vs/workbench/api/node/extensionHostProcess.js:107:81646)
	at u.registerCommand.description (/opt/visual-studio-code/resources/app/out/vs/workbench/api/node/extensionHostProcess.js:107:80967)
	at r.h (/opt/visual-studio-code/resources/app/out/vs/workbench/api/node/extensionHostProcess.js:107:82744)
	at r.g (/opt/visual-studio-code/resources/app/out/vs/workbench/api/node/extensionHostProcess.js:107:81739)
	at r.executeCommand (/opt/visual-studio-code/resources/app/out/vs/workbench/api/node/extensionHostProcess.js:107:81646)
	at Object.executeCommand (/opt/visual-studio-code/resources/app/out/vs/workbench/api/node/extensionHostProcess.js:122:21247)
	at set b [as b] (/opt/visual-studio-code/resources/app/extensions/github/dist/extension.js:2:714434)
	at /opt/visual-studio-code/resources/app/extensions/github/dist/extension.js:2:715075
	at n.value (/opt/visual-studio-code/resources/app/extensions/git/dist/main.js:2:1396602)
	at m.w (/opt/visual-studio-code/resources/app/out/vs/workbench/api/node/extensionHostProcess.js:63:1902)
	at m.x (/opt/visual-studio-code/resources/app/out/vs/workbench/api/node/extensionHostProcess.js:63:1972)
	at m.fire (/opt/visual-studio-code/resources/app/out/vs/workbench/api/node/extensionHostProcess.js:63:2188)
	at Object.m [as dispose] (/opt/visual-studio-code/resources/app/extensions/git/dist/main.js:2:1324784)
	at /opt/visual-studio-code/resources/app/extensions/git/dist/main.js:2:1329625
	at Array.forEach (<anonymous>)
	at g.dispose (/opt/visual-studio-code/resources/app/extensions/git/dist/main.js:2:1329611)
	at E.<anonymous> (/opt/visual-studio-code/resources/app/out/vs/workbench/api/node/extensionHostProcess.js:103:3484)
	at E.dispose (/opt/visual-studio-code/resources/app/out/vs/workbench/api/node/extensionHostProcess.js:103:3581)
	at E.<anonymous> (/opt/visual-studio-code/resources/app/extensions/git/dist/main.js:2:1311012)
	at E.dispose (/opt/visual-studio-code/resources/app/out/vs/workbench/api/node/extensionHostProcess.js:103:3581)
	at k (/opt/visual-studio-code/resources/app/out/vs/workbench/api/node/extensionHostProcess.js:13:11730)
	at n.Z (/opt/visual-studio-code/resources/app/out/vs/workbench/api/node/extensionHostProcess.js:118:9652)
	at /opt/visual-studio-code/resources/app/out/vs/workbench/api/node/extensionHostProcess.js:118:7585
	at Array.map (<anonymous>)
	at n.S (/opt/visual-studio-code/resources/app/out/vs/workbench/api/node/extensionHostProcess.js:118:7572)
	at n.terminate (/opt/visual-studio-code/resources/app/out/vs/workbench/api/node/extensionHostProcess.js:118:7844)
	at o.terminate (/opt/visual-studio-code/resources/app/out/vs/workbench/api/node/extensionHostProcess.js:122:1513)
	at D (/opt/visual-studio-code/resources/app/out/vs/workbench/api/node/extensionHostProcess.js:135:9800)
	at MessagePortMain.<anonymous> (/opt/visual-studio-code/resources/app/out/vs/workbench/api/node/extensionHostProcess.js:135:6225)
	at MessagePortMain.emit (node:events:513:28)
	at MessagePortMain._internalPort.emit (node:electron/js2c/utility_init:2:367) setContext undefined
2024-01-27 14:49:04.734 [error] Canceled: Canceled
	at new h (/opt/visual-studio-code/resources/app/out/vs/workbench/api/node/extensionHostProcess.js:107:57382)
	at i.O (/opt/visual-studio-code/resources/app/out/vs/workbench/api/node/extensionHostProcess.js:116:10850)
	at j.<computed>.T.charCodeAt.j.<computed> (/opt/visual-studio-code/resources/app/out/vs/workbench/api/node/extensionHostProcess.js:116:8289)
	at r.g (/opt/visual-studio-code/resources/app/out/vs/workbench/api/node/extensionHostProcess.js:107:82208)
	at r.executeCommand (/opt/visual-studio-code/resources/app/out/vs/workbench/api/node/extensionHostProcess.js:107:81646)
	at u.registerCommand.description (/opt/visual-studio-code/resources/app/out/vs/workbench/api/node/extensionHostProcess.js:107:80967)
	at r.h (/opt/visual-studio-code/resources/app/out/vs/workbench/api/node/extensionHostProcess.js:107:82744)
	at r.g (/opt/visual-studio-code/resources/app/out/vs/workbench/api/node/extensionHostProcess.js:107:81739)
	at r.executeCommand (/opt/visual-studio-code/resources/app/out/vs/workbench/api/node/extensionHostProcess.js:107:81646)
	at Object.executeCommand (/opt/visual-studio-code/resources/app/out/vs/workbench/api/node/extensionHostProcess.js:122:21247)
	at n.D [as value] (/opt/visual-studio-code/resources/app/extensions/git/dist/main.js:2:1309000)
	at m.w (/opt/visual-studio-code/resources/app/out/vs/workbench/api/node/extensionHostProcess.js:63:1902)
	at m.x (/opt/visual-studio-code/resources/app/out/vs/workbench/api/node/extensionHostProcess.js:63:1972)
	at m.fire (/opt/visual-studio-code/resources/app/out/vs/workbench/api/node/extensionHostProcess.js:63:2188)
	at Object.m [as dispose] (/opt/visual-studio-code/resources/app/extensions/git/dist/main.js:2:1324784)
	at /opt/visual-studio-code/resources/app/extensions/git/dist/main.js:2:1329625
	at Array.forEach (<anonymous>)
	at g.dispose (/opt/visual-studio-code/resources/app/extensions/git/dist/main.js:2:1329611)
	at E.<anonymous> (/opt/visual-studio-code/resources/app/out/vs/workbench/api/node/extensionHostProcess.js:103:3484)
	at E.dispose (/opt/visual-studio-code/resources/app/out/vs/workbench/api/node/extensionHostProcess.js:103:3581)
	at E.<anonymous> (/opt/visual-studio-code/resources/app/extensions/git/dist/main.js:2:1311012)
	at E.dispose (/opt/visual-studio-code/resources/app/out/vs/workbench/api/node/extensionHostProcess.js:103:3581)
	at k (/opt/visual-studio-code/resources/app/out/vs/workbench/api/node/extensionHostProcess.js:13:11730)
	at n.Z (/opt/visual-studio-code/resources/app/out/vs/workbench/api/node/extensionHostProcess.js:118:9652)
	at /opt/visual-studio-code/resources/app/out/vs/workbench/api/node/extensionHostProcess.js:118:7585
	at Array.map (<anonymous>)
	at n.S (/opt/visual-studio-code/resources/app/out/vs/workbench/api/node/extensionHostProcess.js:118:7572)
	at n.terminate (/opt/visual-studio-code/resources/app/out/vs/workbench/api/node/extensionHostProcess.js:118:7844)
	at o.terminate (/opt/visual-studio-code/resources/app/out/vs/workbench/api/node/extensionHostProcess.js:122:1513)
	at D (/opt/visual-studio-code/resources/app/out/vs/workbench/api/node/extensionHostProcess.js:135:9800)
	at MessagePortMain.<anonymous> (/opt/visual-studio-code/resources/app/out/vs/workbench/api/node/extensionHostProcess.js:135:6225)
	at MessagePortMain.emit (node:events:513:28)
	at MessagePortMain._internalPort.emit (node:electron/js2c/utility_init:2:367) setContext undefined
2024-01-27 14:49:04.734 [error] Canceled: Canceled
	at new h (/opt/visual-studio-code/resources/app/out/vs/workbench/api/node/extensionHostProcess.js:107:57382)
	at i.O (/opt/visual-studio-code/resources/app/out/vs/workbench/api/node/extensionHostProcess.js:116:10850)
	at j.<computed>.T.charCodeAt.j.<computed> (/opt/visual-studio-code/resources/app/out/vs/workbench/api/node/extensionHostProcess.js:116:8289)
	at r.g (/opt/visual-studio-code/resources/app/out/vs/workbench/api/node/extensionHostProcess.js:107:82208)
	at r.executeCommand (/opt/visual-studio-code/resources/app/out/vs/workbench/api/node/extensionHostProcess.js:107:81646)
	at u.registerCommand.description (/opt/visual-studio-code/resources/app/out/vs/workbench/api/node/extensionHostProcess.js:107:80967)
	at r.h (/opt/visual-studio-code/resources/app/out/vs/workbench/api/node/extensionHostProcess.js:107:82744)
	at r.g (/opt/visual-studio-code/resources/app/out/vs/workbench/api/node/extensionHostProcess.js:107:81739)
	at r.executeCommand (/opt/visual-studio-code/resources/app/out/vs/workbench/api/node/extensionHostProcess.js:107:81646)
	at Object.executeCommand (/opt/visual-studio-code/resources/app/out/vs/workbench/api/node/extensionHostProcess.js:122:21247)
	at set b [as b] (/opt/visual-studio-code/resources/app/extensions/github/dist/extension.js:2:714434)
	at /opt/visual-studio-code/resources/app/extensions/github/dist/extension.js:2:715075
	at n.value (/opt/visual-studio-code/resources/app/extensions/git/dist/main.js:2:1396602)
	at m.w (/opt/visual-studio-code/resources/app/out/vs/workbench/api/node/extensionHostProcess.js:63:1902)
	at m.x (/opt/visual-studio-code/resources/app/out/vs/workbench/api/node/extensionHostProcess.js:63:1972)
	at m.fire (/opt/visual-studio-code/resources/app/out/vs/workbench/api/node/extensionHostProcess.js:63:2188)
	at Object.m [as dispose] (/opt/visual-studio-code/resources/app/extensions/git/dist/main.js:2:1324784)
	at /opt/visual-studio-code/resources/app/extensions/git/dist/main.js:2:1329625
	at Array.forEach (<anonymous>)
	at g.dispose (/opt/visual-studio-code/resources/app/extensions/git/dist/main.js:2:1329611)
	at E.<anonymous> (/opt/visual-studio-code/resources/app/out/vs/workbench/api/node/extensionHostProcess.js:103:3484)
	at E.dispose (/opt/visual-studio-code/resources/app/out/vs/workbench/api/node/extensionHostProcess.js:103:3581)
	at E.<anonymous> (/opt/visual-studio-code/resources/app/extensions/git/dist/main.js:2:1311012)
	at E.dispose (/opt/visual-studio-code/resources/app/out/vs/workbench/api/node/extensionHostProcess.js:103:3581)
	at k (/opt/visual-studio-code/resources/app/out/vs/workbench/api/node/extensionHostProcess.js:13:11730)
	at n.Z (/opt/visual-studio-code/resources/app/out/vs/workbench/api/node/extensionHostProcess.js:118:9652)
	at /opt/visual-studio-code/resources/app/out/vs/workbench/api/node/extensionHostProcess.js:118:7585
	at Array.map (<anonymous>)
	at n.S (/opt/visual-studio-code/resources/app/out/vs/workbench/api/node/extensionHostProcess.js:118:7572)
	at n.terminate (/opt/visual-studio-code/resources/app/out/vs/workbench/api/node/extensionHostProcess.js:118:7844)
	at o.terminate (/opt/visual-studio-code/resources/app/out/vs/workbench/api/node/extensionHostProcess.js:122:1513)
	at D (/opt/visual-studio-code/resources/app/out/vs/workbench/api/node/extensionHostProcess.js:135:9800)
	at MessagePortMain.<anonymous> (/opt/visual-studio-code/resources/app/out/vs/workbench/api/node/extensionHostProcess.js:135:6225)
	at MessagePortMain.emit (node:events:513:28)
	at MessagePortMain._internalPort.emit (node:electron/js2c/utility_init:2:367) setContext undefined
2024-01-27 14:49:04.734 [error] Canceled: Canceled
	at new h (/opt/visual-studio-code/resources/app/out/vs/workbench/api/node/extensionHostProcess.js:107:57382)
	at i.O (/opt/visual-studio-code/resources/app/out/vs/workbench/api/node/extensionHostProcess.js:116:10850)
	at j.<computed>.T.charCodeAt.j.<computed> (/opt/visual-studio-code/resources/app/out/vs/workbench/api/node/extensionHostProcess.js:116:8289)
	at r.g (/opt/visual-studio-code/resources/app/out/vs/workbench/api/node/extensionHostProcess.js:107:82208)
	at r.executeCommand (/opt/visual-studio-code/resources/app/out/vs/workbench/api/node/extensionHostProcess.js:107:81646)
	at u.registerCommand.description (/opt/visual-studio-code/resources/app/out/vs/workbench/api/node/extensionHostProcess.js:107:80967)
	at r.h (/opt/visual-studio-code/resources/app/out/vs/workbench/api/node/extensionHostProcess.js:107:82744)
	at r.g (/opt/visual-studio-code/resources/app/out/vs/workbench/api/node/extensionHostProcess.js:107:81739)
	at r.executeCommand (/opt/visual-studio-code/resources/app/out/vs/workbench/api/node/extensionHostProcess.js:107:81646)
	at Object.executeCommand (/opt/visual-studio-code/resources/app/out/vs/workbench/api/node/extensionHostProcess.js:122:21247)
	at n.D [as value] (/opt/visual-studio-code/resources/app/extensions/git/dist/main.js:2:1309000)
	at m.w (/opt/visual-studio-code/resources/app/out/vs/workbench/api/node/extensionHostProcess.js:63:1902)
	at m.x (/opt/visual-studio-code/resources/app/out/vs/workbench/api/node/extensionHostProcess.js:63:1972)
	at m.fire (/opt/visual-studio-code/resources/app/out/vs/workbench/api/node/extensionHostProcess.js:63:2188)
	at Object.m [as dispose] (/opt/visual-studio-code/resources/app/extensions/git/dist/main.js:2:1324784)
	at /opt/visual-studio-code/resources/app/extensions/git/dist/main.js:2:1329625
	at Array.forEach (<anonymous>)
	at g.dispose (/opt/visual-studio-code/resources/app/extensions/git/dist/main.js:2:1329611)
	at E.<anonymous> (/opt/visual-studio-code/resources/app/out/vs/workbench/api/node/extensionHostProcess.js:103:3484)
	at E.dispose (/opt/visual-studio-code/resources/app/out/vs/workbench/api/node/extensionHostProcess.js:103:3581)
	at E.<anonymous> (/opt/visual-studio-code/resources/app/extensions/git/dist/main.js:2:1311012)
	at E.dispose (/opt/visual-studio-code/resources/app/out/vs/workbench/api/node/extensionHostProcess.js:103:3581)
	at k (/opt/visual-studio-code/resources/app/out/vs/workbench/api/node/extensionHostProcess.js:13:11730)
	at n.Z (/opt/visual-studio-code/resources/app/out/vs/workbench/api/node/extensionHostProcess.js:118:9652)
	at /opt/visual-studio-code/resources/app/out/vs/workbench/api/node/extensionHostProcess.js:118:7585
	at Array.map (<anonymous>)
	at n.S (/opt/visual-studio-code/resources/app/out/vs/workbench/api/node/extensionHostProcess.js:118:7572)
	at n.terminate (/opt/visual-studio-code/resources/app/out/vs/workbench/api/node/extensionHostProcess.js:118:7844)
	at o.terminate (/opt/visual-studio-code/resources/app/out/vs/workbench/api/node/extensionHostProcess.js:122:1513)
	at D (/opt/visual-studio-code/resources/app/out/vs/workbench/api/node/extensionHostProcess.js:135:9800)
	at MessagePortMain.<anonymous> (/opt/visual-studio-code/resources/app/out/vs/workbench/api/node/extensionHostProcess.js:135:6225)
	at MessagePortMain.emit (node:events:513:28)
	at MessagePortMain._internalPort.emit (node:electron/js2c/utility_init:2:367) setContext undefined
2024-01-27 14:49:04.736 [error] Canceled: Canceled
	at new h (/opt/visual-studio-code/resources/app/out/vs/workbench/api/node/extensionHostProcess.js:107:57382)
	at i.O (/opt/visual-studio-code/resources/app/out/vs/workbench/api/node/extensionHostProcess.js:116:10850)
	at j.<computed>.T.charCodeAt.j.<computed> (/opt/visual-studio-code/resources/app/out/vs/workbench/api/node/extensionHostProcess.js:116:8289)
	at r.g (/opt/visual-studio-code/resources/app/out/vs/workbench/api/node/extensionHostProcess.js:107:82208)
	at r.executeCommand (/opt/visual-studio-code/resources/app/out/vs/workbench/api/node/extensionHostProcess.js:107:81646)
	at u.registerCommand.description (/opt/visual-studio-code/resources/app/out/vs/workbench/api/node/extensionHostProcess.js:107:80967)
	at r.h (/opt/visual-studio-code/resources/app/out/vs/workbench/api/node/extensionHostProcess.js:107:82744)
	at r.g (/opt/visual-studio-code/resources/app/out/vs/workbench/api/node/extensionHostProcess.js:107:81739)
	at r.executeCommand (/opt/visual-studio-code/resources/app/out/vs/workbench/api/node/extensionHostProcess.js:107:81646)
	at Object.executeCommand (/opt/visual-studio-code/resources/app/out/vs/workbench/api/node/extensionHostProcess.js:122:21247)
	at set b [as b] (/opt/visual-studio-code/resources/app/extensions/github/dist/extension.js:2:714434)
	at /opt/visual-studio-code/resources/app/extensions/github/dist/extension.js:2:715075
	at n.value (/opt/visual-studio-code/resources/app/extensions/git/dist/main.js:2:1396602)
	at m.w (/opt/visual-studio-code/resources/app/out/vs/workbench/api/node/extensionHostProcess.js:63:1902)
	at m.x (/opt/visual-studio-code/resources/app/out/vs/workbench/api/node/extensionHostProcess.js:63:1972)
	at m.fire (/opt/visual-studio-code/resources/app/out/vs/workbench/api/node/extensionHostProcess.js:63:2188)
	at Object.m [as dispose] (/opt/visual-studio-code/resources/app/extensions/git/dist/main.js:2:1324784)
	at /opt/visual-studio-code/resources/app/extensions/git/dist/main.js:2:1329625
	at Array.forEach (<anonymous>)
	at g.dispose (/opt/visual-studio-code/resources/app/extensions/git/dist/main.js:2:1329611)
	at E.<anonymous> (/opt/visual-studio-code/resources/app/out/vs/workbench/api/node/extensionHostProcess.js:103:3484)
	at E.dispose (/opt/visual-studio-code/resources/app/out/vs/workbench/api/node/extensionHostProcess.js:103:3581)
	at E.<anonymous> (/opt/visual-studio-code/resources/app/extensions/git/dist/main.js:2:1311012)
	at E.dispose (/opt/visual-studio-code/resources/app/out/vs/workbench/api/node/extensionHostProcess.js:103:3581)
	at k (/opt/visual-studio-code/resources/app/out/vs/workbench/api/node/extensionHostProcess.js:13:11730)
	at n.Z (/opt/visual-studio-code/resources/app/out/vs/workbench/api/node/extensionHostProcess.js:118:9652)
	at /opt/visual-studio-code/resources/app/out/vs/workbench/api/node/extensionHostProcess.js:118:7585
	at Array.map (<anonymous>)
	at n.S (/opt/visual-studio-code/resources/app/out/vs/workbench/api/node/extensionHostProcess.js:118:7572)
	at n.terminate (/opt/visual-studio-code/resources/app/out/vs/workbench/api/node/extensionHostProcess.js:118:7844)
	at o.terminate (/opt/visual-studio-code/resources/app/out/vs/workbench/api/node/extensionHostProcess.js:122:1513)
	at D (/opt/visual-studio-code/resources/app/out/vs/workbench/api/node/extensionHostProcess.js:135:9800)
	at MessagePortMain.<anonymous> (/opt/visual-studio-code/resources/app/out/vs/workbench/api/node/extensionHostProcess.js:135:6225)
	at MessagePortMain.emit (node:events:513:28)
	at MessagePortMain._internalPort.emit (node:electron/js2c/utility_init:2:367) setContext undefined
2024-01-27 14:49:06.612 [info] Extension host with pid 21119 started
2024-01-27 14:49:06.612 [info] Skipping acquiring lock for /home/holden/.config/Code/User/workspaceStorage/bc106b4644c4e2d516e15817c3307127.
2024-01-27 14:49:06.679 [info] ExtensionService#_doActivateExtension vscode.git-base, startup: true, activationEvent: '*'
2024-01-27 14:49:06.744 [info] ExtensionService#_doActivateExtension vscode.github, startup: true, activationEvent: '*'
2024-01-27 14:49:06.779 [info] ExtensionService#_doActivateExtension vscode.github-authentication, startup: false, activationEvent: 'onAuthenticationRequest:github'
2024-01-27 14:49:06.829 [info] Eager extensions activated
2024-01-27 14:49:06.993 [info] ExtensionService#_doActivateExtension vscode.debug-auto-launch, startup: false, activationEvent: 'onStartupFinished'
2024-01-27 14:49:07.000 [info] ExtensionService#_doActivateExtension vscode.merge-conflict, startup: false, activationEvent: 'onStartupFinished'
2024-01-27 14:49:07.128 [info] ExtensionService#_doActivateExtension vscode.microsoft-authentication, startup: false, activationEvent: 'onAuthenticationRequest:microsoft'
2024-01-27 14:49:09.729 [info] Extension host with pid 20929 exiting with code 0
2024-01-27 14:49:10.589 [info] ExtensionService#_doActivateExtension vscode.git, startup: false, activationEvent: 'api', root cause: vscode.github
2024-01-27 14:49:15.197 [info] ExtensionService#_doActivateExtension vscode.emmet, startup: false, activationEvent: 'onLanguage'
2024-01-27 14:51:42.787 [info] ExtensionService#_doActivateExtension ms-vscode.makefile-tools, startup: false, activationEvent: 'workspaceContains:**/makefile,**/Makefile,**/GNUmakefile'
2024-01-27 14:53:26.731 [info] ExtensionService#_doActivateExtension vscode.npm, startup: false, activationEvent: 'onTerminalQuickFixRequest:ms-vscode.npm-command'
