2024-01-30 10:16:28.904 [info] Reading sessions from keychain...
2024-01-30 10:16:28.904 [info] Getting sessions for all scopes...
2024-01-30 10:16:28.904 [info] Getting sessions for user:email...
2024-01-30 10:16:28.904 [info] Getting sessions for all scopes...
2024-01-30 10:16:28.904 [info] Got stored sessions!
2024-01-30 10:16:28.904 [info] Got 1 verified sessions.
2024-01-30 10:16:28.904 [info] Got 1 sessions for ...
2024-01-30 10:16:28.904 [info] Got 0 sessions for user:email...
2024-01-30 10:16:28.904 [info] Got 1 sessions for ...
2024-01-30 10:16:29.171 [info] Getting sessions for all scopes...
2024-01-30 10:16:29.171 [info] Got 1 sessions for ...
2024-01-30 10:17:00.182 [info] Reading sessions from keychain...
2024-01-30 10:17:00.182 [info] Getting sessions for all scopes...
2024-01-30 10:17:00.182 [info] Getting sessions for user:email...
2024-01-30 10:17:00.260 [info] Got stored sessions!
2024-01-30 10:17:00.260 [info] Got 1 verified sessions.
2024-01-30 10:17:00.260 [info] Got 1 sessions for ...
2024-01-30 10:17:00.261 [info] Got 0 sessions for user:email...
2024-01-30 10:17:00.414 [info] Getting sessions for all scopes...
2024-01-30 10:17:00.414 [info] Got 1 sessions for ...
2024-01-30 10:17:01.798 [info] Getting sessions for all scopes...
2024-01-30 10:17:01.798 [info] Got 1 sessions for ...
