2024-01-30 10:16:25.548 [info] Added views:workbench.panel.markers.view in workbench.panel.markers
2024-01-30 10:16:25.548 [info] Added views:workbench.panel.output in workbench.panel.output
2024-01-30 10:16:25.548 [info] Added views:terminal in terminal
2024-01-30 10:16:25.548 [info] Added views:outline in workbench.view.explorer
2024-01-30 10:16:25.548 [info] Added views:workbench.scm in workbench.view.scm
2024-01-30 10:16:25.548 [info] Added views:workbench.view.search in workbench.view.search
2024-01-30 10:16:25.548 [info] Added views:timeline in workbench.view.explorer
2024-01-30 10:16:25.548 [info] Added views:workbench.explorer.fileView in workbench.view.explorer
2024-01-30 10:16:26.699 [info] Added views:workbench.debug.welcome in workbench.view.debug
2024-01-30 10:16:26.768 [info] Added views:workbench.panel.repl.view in workbench.panel.repl
2024-01-30 10:16:27.809 [info] Added views:~remote.forwardedPorts in ~remote.forwardedPortsContainer
2024-01-30 10:16:28.103 [info] Added views:makefile.outline in workbench.view.extension.makefile__viewContainer
2024-01-30 10:16:58.248 [info] Added views:workbench.panel.markers.view in workbench.panel.markers
2024-01-30 10:16:58.248 [info] Added views:workbench.panel.output in workbench.panel.output
2024-01-30 10:16:58.248 [info] Added views:terminal in terminal
2024-01-30 10:16:58.248 [info] Added views:outline in workbench.view.explorer
2024-01-30 10:16:58.248 [info] Added views:workbench.scm in workbench.view.scm
2024-01-30 10:16:58.248 [info] Added views:workbench.view.search in workbench.view.search
2024-01-30 10:16:58.248 [info] Added views:timeline in workbench.view.explorer
2024-01-30 10:16:58.248 [info] Added views:workbench.explorer.fileView in workbench.view.explorer
2024-01-30 10:16:59.167 [info] Added views:workbench.debug.variablesView,workbench.debug.watchExpressionsView,workbench.debug.callStackView,workbench.debug.breakPointsView in workbench.view.debug
2024-01-30 10:16:59.591 [info] Added views:workbench.panel.repl.view in workbench.panel.repl
2024-01-30 10:16:59.596 [info] Removed views:workbench.debug.breakPointsView,workbench.debug.callStackView,workbench.debug.watchExpressionsView,workbench.debug.variablesView from workbench.view.debug
2024-01-30 10:16:59.598 [info] Added views:workbench.debug.welcome in workbench.view.debug
2024-01-30 10:16:59.750 [info] Added views:~remote.forwardedPorts in ~remote.forwardedPortsContainer
2024-01-30 10:17:00.357 [info] Added views:makefile.outline in workbench.view.extension.makefile__viewContainer
2024-01-30 10:17:02.202 [info] Added views:workbench.view.testing in workbench.view.extension.test
