2024-01-27 14:48:18.649 [info] Added views:workbench.panel.markers.view in workbench.panel.markers
2024-01-27 14:48:18.649 [info] Added views:workbench.panel.output in workbench.panel.output
2024-01-27 14:48:18.649 [info] Added views:terminal in terminal
2024-01-27 14:48:18.649 [info] Added views:outline in workbench.view.explorer
2024-01-27 14:48:18.649 [info] Added views:workbench.scm in workbench.view.scm
2024-01-27 14:48:18.649 [info] Added views:workbench.view.search in workbench.view.search
2024-01-27 14:48:18.649 [info] Added views:timeline in workbench.view.explorer
2024-01-27 14:48:18.649 [info] Added views:workbench.explorer.fileView in workbench.view.explorer
2024-01-27 14:48:19.727 [info] Added views:workbench.debug.welcome in workbench.view.debug
2024-01-27 14:48:19.907 [info] Added views:workbench.panel.repl.view in workbench.panel.repl
2024-01-27 14:48:20.306 [info] Added views:~remote.forwardedPorts in ~remote.forwardedPortsContainer
2024-01-27 14:49:05.417 [info] Added views:workbench.panel.markers.view in workbench.panel.markers
2024-01-27 14:49:05.417 [info] Added views:workbench.panel.output in workbench.panel.output
2024-01-27 14:49:05.417 [info] Added views:terminal in terminal
2024-01-27 14:49:05.417 [info] Added views:outline in workbench.view.explorer
2024-01-27 14:49:05.417 [info] Added views:workbench.scm in workbench.view.scm
2024-01-27 14:49:05.417 [info] Added views:workbench.view.search in workbench.view.search
2024-01-27 14:49:05.417 [info] Added views:timeline in workbench.view.explorer
2024-01-27 14:49:05.417 [info] Added views:workbench.explorer.fileView in workbench.view.explorer
2024-01-27 14:49:05.971 [info] Added views:workbench.debug.variablesView,workbench.debug.watchExpressionsView,workbench.debug.callStackView,workbench.debug.breakPointsView in workbench.view.debug
2024-01-27 14:49:06.672 [info] Added views:workbench.panel.repl.view in workbench.panel.repl
2024-01-27 14:49:06.677 [info] Removed views:workbench.debug.breakPointsView,workbench.debug.callStackView,workbench.debug.watchExpressionsView,workbench.debug.variablesView from workbench.view.debug
2024-01-27 14:49:06.677 [info] Added views:workbench.debug.welcome in workbench.view.debug
2024-01-27 14:49:06.723 [info] Added views:~remote.forwardedPorts in ~remote.forwardedPortsContainer
2024-01-27 14:51:36.498 [info] Added views:workbench.views.extensions.installed,workbench.views.extensions.popular,extensions.recommendedList in workbench.view.extensions
2024-01-27 14:51:36.505 [info] Removed views:workbench.views.extensions.popular from workbench.view.extensions
2024-01-27 14:51:37.162 [info] Removed views:extensions.recommendedList,workbench.views.extensions.installed from workbench.view.extensions
2024-01-27 14:51:37.206 [info] Added views:workbench.views.extensions.marketplace in workbench.view.extensions
2024-01-27 14:51:42.627 [info] Added views:makefile.outline in workbench.view.extension.makefile__viewContainer
