2023-10-14T00:31:00.696Z 0: 

----------------------------------------------
2023-10-14T00:31:00.738Z 1: Discord starting: {"releaseChannel":"stable","version":"0.0.31"}, modulepath: /home/holden/.config/discord/0.0.31/modules
2023-10-14T00:31:00.758Z 2: ✅ webContents.created web1 ""
2023-10-14T00:31:00.791Z 3: ✅ window.created win1 "discord"
2023-10-14T00:31:01.406Z 4: ✅ webContents.did-finish-load web1
2023-10-14T00:31:08.989Z 5: ✅ webContents.created web2 ""
2023-10-14T00:31:09.010Z 6: ✅ window.created win2 "Discord"
2023-10-14T00:31:16.512Z 7: ✅ webContents.did-finish-load web2
2023-10-14T00:31:16.613Z 8: window.close win1
2023-10-14T00:31:16.668Z 9: webContents.destroyed web1
2023-10-14T00:31:16.680Z 10: window.closed win1
2023-10-16T18:41:31.798Z 11: window.close win2
2023-10-16T18:41:34.869Z 0: 

----------------------------------------------
2023-10-16T18:41:51.418Z 12: window.close win2
2023-10-16T18:41:56.054Z 0: 

----------------------------------------------
2023-10-16T18:41:57.443Z 13: window.close win2
2023-10-16T18:42:01.304Z 14: window.close win2
2023-10-16T18:42:01.524Z 15: webContents.destroyed web2
2023-10-16T18:42:01.571Z 16: window.closed win2
2023-10-16T18:42:04.602Z 0: 

----------------------------------------------
2023-10-16T18:42:04.667Z 1: Discord starting: {"releaseChannel":"stable","version":"0.0.31"}, modulepath: /home/holden/.config/discord/0.0.31/modules
2023-10-16T18:42:04.681Z 2: ✅ webContents.created web1 ""
2023-10-16T18:42:04.702Z 3: ✅ window.created win1 "discord"
2023-10-16T18:42:05.182Z 4: ✅ webContents.did-finish-load web1
2023-10-16T18:42:05.421Z 5: ✅ webContents.created web2 ""
2023-10-16T18:42:05.437Z 6: ✅ window.created win2 "Discord"
2023-10-16T18:42:12.268Z 7: ❌ webContents.did-fail-load web2" -3 
2023-10-16T18:42:16.033Z 8: ✅ webContents.did-finish-load web2
2023-10-16T18:42:16.132Z 9: window.close win1
2023-10-16T18:42:16.158Z 10: webContents.destroyed web1
2023-10-16T18:42:16.173Z 11: window.closed win1
2023-11-15T17:13:25.450Z 0: 

----------------------------------------------
2023-11-15T17:13:25.535Z 1: Discord starting: {"releaseChannel":"stable","version":"0.0.31"}, modulepath: /home/holden/.config/discord/0.0.31/modules
2023-11-15T17:13:25.567Z 2: ✅ webContents.created web1 ""
2023-11-15T17:13:25.582Z 3: ✅ window.created win1 "discord"
2023-11-15T17:13:26.193Z 4: ✅ webContents.did-finish-load web1
2023-11-15T17:13:39.281Z 5: window.close win1
2023-12-05T21:39:43.018Z 0: 

----------------------------------------------
2023-12-05T21:39:43.075Z 1: Discord starting: {"releaseChannel":"stable","version":"0.0.31"}, modulepath: /home/holden/.config/discord/0.0.31/modules
2023-12-05T21:39:43.086Z 2: ✅ webContents.created web1 ""
2023-12-05T21:39:43.096Z 3: ✅ window.created win1 "discord"
2023-12-05T21:39:43.597Z 4: ✅ webContents.did-finish-load web1
2023-12-05T21:40:00.021Z 5: window.close win1
