2024-01-31 14:58:56.208 [info] Added views:workbench.panel.markers.view in workbench.panel.markers
2024-01-31 14:58:56.208 [info] Added views:workbench.panel.output in workbench.panel.output
2024-01-31 14:58:56.208 [info] Added views:terminal in terminal
2024-01-31 14:58:56.208 [info] Added views:outline in workbench.view.explorer
2024-01-31 14:58:56.208 [info] Added views:workbench.scm in workbench.view.scm
2024-01-31 14:58:56.208 [info] Added views:workbench.view.search in workbench.view.search
2024-01-31 14:58:56.208 [info] Added views:timeline in workbench.view.explorer
2024-01-31 14:58:56.208 [info] Added views:workbench.explorer.emptyView in workbench.view.explorer
2024-01-31 14:58:57.083 [info] Added views:workbench.debug.variablesView,workbench.debug.watchExpressionsView,workbench.debug.callStackView,workbench.debug.breakPointsView in workbench.view.debug
2024-01-31 14:58:57.533 [info] Added views:workbench.panel.repl.view in workbench.panel.repl
2024-01-31 14:58:57.537 [info] Removed views:workbench.debug.breakPointsView,workbench.debug.callStackView,workbench.debug.watchExpressionsView,workbench.debug.variablesView from workbench.view.debug
2024-01-31 14:58:57.538 [info] Added views:workbench.debug.welcome in workbench.view.debug
2024-01-31 14:58:57.654 [info] Added views:~remote.forwardedPorts in ~remote.forwardedPortsContainer
2024-01-31 14:58:58.172 [info] Added views:makefile.outline in workbench.view.extension.makefile__viewContainer
2024-01-31 14:59:11.271 [info] Added views:workbench.panel.markers.view in workbench.panel.markers
2024-01-31 14:59:11.271 [info] Added views:workbench.panel.output in workbench.panel.output
2024-01-31 14:59:11.271 [info] Added views:terminal in terminal
2024-01-31 14:59:11.271 [info] Added views:outline in workbench.view.explorer
2024-01-31 14:59:11.271 [info] Added views:workbench.scm in workbench.view.scm
2024-01-31 14:59:11.271 [info] Added views:workbench.view.search in workbench.view.search
2024-01-31 14:59:11.271 [info] Added views:timeline in workbench.view.explorer
2024-01-31 14:59:11.271 [info] Added views:workbench.explorer.fileView in workbench.view.explorer
2024-01-31 14:59:12.107 [info] Added views:workbench.debug.variablesView,workbench.debug.watchExpressionsView,workbench.debug.callStackView,workbench.debug.breakPointsView in workbench.view.debug
2024-01-31 14:59:12.500 [info] Added views:~remote.forwardedPorts in ~remote.forwardedPortsContainer
2024-01-31 14:59:12.520 [info] Added views:workbench.panel.repl.view in workbench.panel.repl
2024-01-31 14:59:12.522 [info] Removed views:workbench.debug.breakPointsView,workbench.debug.callStackView,workbench.debug.watchExpressionsView,workbench.debug.variablesView from workbench.view.debug
2024-01-31 14:59:12.524 [info] Added views:workbench.debug.welcome in workbench.view.debug
2024-01-31 14:59:15.544 [info] Added views:makefile.outline in workbench.view.extension.makefile__viewContainer
2024-01-31 15:16:02.041 [info] Added views:workbench.panel.markers.view in workbench.panel.markers
2024-01-31 15:16:02.042 [info] Added views:workbench.panel.output in workbench.panel.output
2024-01-31 15:16:02.042 [info] Added views:terminal in terminal
2024-01-31 15:16:02.042 [info] Added views:outline in workbench.view.explorer
2024-01-31 15:16:02.042 [info] Added views:workbench.scm in workbench.view.scm
2024-01-31 15:16:02.042 [info] Added views:workbench.view.search in workbench.view.search
2024-01-31 15:16:02.043 [info] Added views:timeline in workbench.view.explorer
2024-01-31 15:16:02.043 [info] Added views:workbench.explorer.fileView in workbench.view.explorer
2024-01-31 15:16:02.789 [info] Added views:workbench.debug.variablesView,workbench.debug.watchExpressionsView,workbench.debug.callStackView,workbench.debug.breakPointsView in workbench.view.debug
2024-01-31 15:16:03.093 [info] Added views:~remote.forwardedPorts in ~remote.forwardedPortsContainer
2024-01-31 15:16:03.254 [info] Added views:workbench.panel.repl.view in workbench.panel.repl
2024-01-31 15:16:03.263 [info] Removed views:workbench.debug.breakPointsView,workbench.debug.callStackView,workbench.debug.watchExpressionsView,workbench.debug.variablesView from workbench.view.debug
2024-01-31 15:16:03.263 [info] Added views:workbench.debug.welcome in workbench.view.debug
2024-01-31 15:16:11.714 [info] Added views:makefile.outline in workbench.view.extension.makefile__viewContainer
2024-01-31 15:16:25.897 [info] Added views:workbench.view.testing in workbench.view.extension.test
2024-01-31 15:19:03.920 [info] Removed views:workbench.view.testing from workbench.view.extension.test
