2024-01-27 14:48:29.201 [info] Log level: Info
2024-01-27 14:48:29.201 [info] Validating found git in: "git"
2024-01-27 14:48:29.201 [info] Using git "2.43.0" from "git"
2024-01-27 14:48:29.201 [info] > git rev-parse --show-toplevel [10ms]
2024-01-27 14:48:29.201 [info] fatal: not a git repository (or any of the parent directories): .git
2024-01-27 14:48:29.201 [info] > git rev-parse --show-toplevel [2ms]
2024-01-27 14:48:29.201 [info] fatal: not a git repository (or any of the parent directories): .git
2024-01-27 14:48:29.208 [info] > git rev-parse --show-toplevel [2ms]
2024-01-27 14:48:29.208 [info] fatal: not a git repository (or any of the parent directories): .git
2024-01-27 14:48:29.216 [info] > git rev-parse --show-toplevel [1ms]
2024-01-27 14:48:29.216 [info] fatal: not a git repository (or any of the parent directories): .git
2024-01-27 14:48:29.223 [info] > git rev-parse --show-toplevel [1ms]
2024-01-27 14:48:29.223 [info] fatal: not a git repository (or any of the parent directories): .git
2024-01-27 14:48:29.230 [info] > git rev-parse --show-toplevel [2ms]
2024-01-27 14:48:29.230 [info] fatal: not a git repository (or any of the parent directories): .git
2024-01-27 14:48:29.240 [info] > git rev-parse --show-toplevel [5ms]
2024-01-27 14:48:29.248 [info] > git rev-parse --git-dir --git-common-dir [1ms]
2024-01-27 14:48:29.272 [info] Open repository: /home/holden/Downloads/anamnesis
2024-01-27 14:48:29.332 [info] > git rev-parse --show-toplevel [25ms]
2024-01-27 14:48:29.332 [info] fatal: not a git repository (or any of the parent directories): .git
2024-01-27 14:48:29.333 [info] > git config --get commit.template [48ms]
2024-01-27 14:48:29.361 [info] > git rev-parse --show-toplevel [16ms]
2024-01-27 14:48:29.361 [info] fatal: not a git repository (or any of the parent directories): .git
2024-01-27 14:48:29.387 [info] > git for-each-ref --format=%(refname)%00%(upstream:short)%00%(objectname)%00%(upstream:track)%00%(upstream:remotename)%00%(upstream:remoteref) refs/heads/master refs/remotes/master [31ms]
2024-01-27 14:48:29.398 [info] > git rev-parse --show-toplevel [29ms]
2024-01-27 14:48:29.405 [info] > git status -z -uall [8ms]
2024-01-27 14:48:29.427 [info] > git rev-parse --git-dir --git-common-dir [22ms]
2024-01-27 14:48:29.437 [info] Open repository: /home/holden/Downloads/discord_arch_electron
2024-01-27 14:48:29.456 [info] > git config --get commit.template [29ms]
2024-01-27 14:48:29.460 [info] > git rev-parse --show-toplevel [5ms]
2024-01-27 14:48:29.461 [info] fatal: not a git repository (or any of the parent directories): .git
2024-01-27 14:48:29.461 [info] > git config --get commit.template [14ms]
2024-01-27 14:48:29.482 [info] > git for-each-ref --format=%(refname)%00%(upstream:short)%00%(objectname)%00%(upstream:track)%00%(upstream:remotename)%00%(upstream:remoteref) refs/heads/master refs/remotes/master [13ms]
2024-01-27 14:48:29.491 [info] > git for-each-ref --format=%(refname)%00%(upstream:short)%00%(objectname)%00%(upstream:track)%00%(upstream:remotename)%00%(upstream:remoteref) refs/heads/master refs/remotes/master [10ms]
2024-01-27 14:48:29.498 [info] > git rev-parse --show-toplevel [22ms]
2024-01-27 14:48:29.505 [info] > git status -z -uall [16ms]
2024-01-27 14:48:29.505 [info] > git status -z -uall [8ms]
2024-01-27 14:48:29.509 [info] > git rev-parse --git-dir --git-common-dir [5ms]
2024-01-27 14:48:29.515 [info] Open repository: /home/holden/Downloads/minecraft-launcher
2024-01-27 14:48:29.596 [info] > git config --get commit.template [4ms]
2024-01-27 14:48:29.596 [info] > git rev-parse --show-toplevel [10ms]
2024-01-27 14:48:29.596 [info] fatal: not a git repository (or any of the parent directories): .git
2024-01-27 14:48:29.597 [info] > git config --get commit.template [16ms]
2024-01-27 14:48:29.618 [info] > git for-each-ref --format=%(refname)%00%(upstream:short)%00%(objectname)%00%(upstream:track)%00%(upstream:remotename)%00%(upstream:remoteref) refs/heads/master refs/remotes/master [7ms]
2024-01-27 14:48:29.624 [info] > git rev-parse --show-toplevel [18ms]
2024-01-27 14:48:29.631 [info] > git status -z -uall [8ms]
2024-01-27 14:48:29.631 [info] > git for-each-ref --format=%(refname)%00%(upstream:short)%00%(objectname)%00%(upstream:track)%00%(upstream:remotename)%00%(upstream:remoteref) refs/heads/master refs/remotes/master [15ms]
2024-01-27 14:48:29.638 [info] > git rev-parse --git-dir --git-common-dir [7ms]
2024-01-27 14:48:29.645 [info] Open repository: /home/holden/Downloads/prismlauncher
2024-01-27 14:48:29.677 [info] > git status -z -uall [41ms]
2024-01-27 14:48:29.686 [info] > git config --get commit.template [9ms]
2024-01-27 14:48:29.686 [info] > git rev-parse --show-toplevel [17ms]
2024-01-27 14:48:29.686 [info] > git config --get commit.template [23ms]
2024-01-27 14:48:29.726 [info] > git rev-parse --git-dir --git-common-dir [24ms]
2024-01-27 14:48:29.735 [info] Open repository: /home/holden/Downloads/pygtk
2024-01-27 14:48:29.752 [info] > git for-each-ref --format=%(refname)%00%(upstream:short)%00%(objectname)%00%(upstream:track)%00%(upstream:remotename)%00%(upstream:remoteref) refs/heads/master refs/remotes/master [28ms]
2024-01-27 14:48:29.760 [info] > git for-each-ref --format=%(refname)%00%(upstream:short)%00%(objectname)%00%(upstream:track)%00%(upstream:remotename)%00%(upstream:remoteref) refs/heads/master refs/remotes/master [46ms]
2024-01-27 14:48:29.770 [info] > git status -z -uall [11ms]
2024-01-27 14:48:29.773 [info] > git rev-parse --show-toplevel [22ms]
2024-01-27 14:48:29.773 [info] fatal: not a git repository (or any of the parent directories): .git
2024-01-27 14:48:29.773 [info] > git config --get commit.template [29ms]
2024-01-27 14:48:29.790 [info] > git status -z -uall [24ms]
2024-01-27 14:48:29.847 [info] > git rev-parse --show-toplevel [61ms]
2024-01-27 14:48:29.857 [info] > git config --get commit.template [11ms]
2024-01-27 14:48:29.857 [info] > git for-each-ref --format=%(refname)%00%(upstream:short)%00%(objectname)%00%(upstream:track)%00%(upstream:remotename)%00%(upstream:remoteref) refs/heads/master refs/remotes/master [18ms]
2024-01-27 14:48:29.866 [info] > git rev-parse --git-dir --git-common-dir [11ms]
2024-01-27 14:48:29.871 [info] Open repository: /home/holden/Downloads/spotify
2024-01-27 14:48:29.899 [info] > git status -z -uall [36ms]
2024-01-27 14:48:29.919 [info] > git rev-parse --show-toplevel [21ms]
2024-01-27 14:48:29.919 [info] > git config --get commit.template [27ms]
2024-01-27 14:48:29.920 [info] > git for-each-ref --format=%(refname)%00%(upstream:short)%00%(objectname)%00%(upstream:track)%00%(upstream:remotename)%00%(upstream:remoteref) refs/heads/master refs/remotes/master [38ms]
2024-01-27 14:48:29.940 [info] > git status -z -uall [12ms]
2024-01-27 14:48:29.943 [info] > git config --get commit.template [25ms]
2024-01-27 14:48:29.954 [info] > git rev-parse --git-dir --git-common-dir [16ms]
2024-01-27 14:48:29.962 [info] Open repository: /home/holden/Downloads/yay
2024-01-27 14:48:29.982 [info] > git for-each-ref --format=%(refname)%00%(upstream:short)%00%(objectname)%00%(upstream:track)%00%(upstream:remotename)%00%(upstream:remoteref) refs/heads/master refs/remotes/master [29ms]
2024-01-27 14:48:30.000 [info] > git config --get commit.template [19ms]
2024-01-27 14:48:30.000 [info] > git for-each-ref --format=%(refname)%00%(upstream:short)%00%(objectname)%00%(upstream:track)%00%(upstream:remotename)%00%(upstream:remoteref) refs/heads/master refs/remotes/master [25ms]
2024-01-27 14:48:30.031 [info] > git status -z -uall [39ms]
2024-01-27 14:48:30.031 [info] > git status -z -uall [18ms]
2024-01-27 14:48:30.081 [info] > git for-each-ref --format=%(refname)%00%(upstream:short)%00%(objectname)%00%(upstream:track)%00%(upstream:remotename)%00%(upstream:remoteref) refs/heads/master refs/remotes/master [52ms]
2024-01-27 14:48:30.102 [info] > git config --get commit.template [22ms]
2024-01-27 14:48:30.124 [info] > git status -z -uall [28ms]
2024-01-27 14:48:30.158 [info] > git for-each-ref --format=%(refname)%00%(upstream:short)%00%(objectname)%00%(upstream:track)%00%(upstream:remotename)%00%(upstream:remoteref) refs/heads/master refs/remotes/master [35ms]
2024-01-27 14:48:30.177 [info] > git config --get commit.template [20ms]
2024-01-27 14:48:30.181 [info] > git status -z -uall [7ms]
2024-01-27 14:48:30.209 [info] > git for-each-ref --format=%(refname)%00%(upstream:short)%00%(objectname)%00%(upstream:track)%00%(upstream:remotename)%00%(upstream:remoteref) refs/heads/master refs/remotes/master [4ms]
2024-01-27 14:48:30.224 [info] > git status -z -uall [3ms]
2024-01-27 14:48:30.548 [info] > git check-ignore -v -z --stdin [44ms]
2024-01-27 14:48:30.549 [info] > git check-ignore -v -z --stdin [36ms]
2024-01-27 14:48:30.550 [info] > git check-ignore -v -z --stdin [30ms]
2024-01-27 14:48:30.550 [info] > git check-ignore -v -z --stdin [24ms]
2024-01-27 14:48:30.551 [info] > git check-ignore -v -z --stdin [18ms]
2024-01-27 14:48:30.551 [info] > git check-ignore -v -z --stdin [11ms]
2024-01-27 14:48:30.552 [info] > git check-ignore -v -z --stdin [6ms]
2024-01-27 14:49:10.704 [info] Log level: Info
2024-01-27 14:49:10.707 [info] Validating found git in: "git"
2024-01-27 14:49:10.707 [info] Using git "2.43.0" from "git"
2024-01-27 14:49:10.707 [info] > git rev-parse --show-toplevel [9ms]
2024-01-27 14:49:10.728 [info] > git rev-parse --git-dir --git-common-dir [2ms]
2024-01-27 14:49:10.764 [info] Open repository: /home/holden/Documents/programming/fasm/GunnHax24
2024-01-27 14:49:10.804 [info] > git rev-parse --show-toplevel [22ms]
2024-01-27 14:49:10.817 [info] > git config --get commit.template [40ms]
2024-01-27 14:49:10.827 [info] > git for-each-ref --format=%(refname)%00%(upstream:short)%00%(objectname)%00%(upstream:track)%00%(upstream:remotename)%00%(upstream:remoteref) refs/heads/master refs/remotes/master [3ms]
2024-01-27 14:49:10.917 [info] > git status -z -uall [80ms]
2024-01-27 14:49:10.944 [info] > git config --get commit.template [2ms]
2024-01-27 14:49:11.048 [info] > git for-each-ref --format=%(refname)%00%(upstream:short)%00%(objectname)%00%(upstream:track)%00%(upstream:remotename)%00%(upstream:remoteref) refs/heads/master refs/remotes/master [96ms]
2024-01-27 14:49:11.098 [info] > git status -z -uall [44ms]
2024-01-27 14:49:11.310 [info] > git check-ignore -v -z --stdin [1ms]
2024-01-27 14:49:15.275 [info] > git show --textconv :game.asm [14ms]
2024-01-27 14:49:15.291 [info] > git ls-files --stage -- /home/holden/Documents/programming/fasm/GunnHax24/game.asm [18ms]
2024-01-27 14:49:15.307 [info] > git cat-file -s e69de29bb2d1d6434b8b29ae775ad8c2e48c5391 [5ms]
2024-01-27 14:49:36.399 [info] > git show --textconv :Makefile [12ms]
2024-01-27 14:49:36.403 [info] > git ls-files --stage -- /home/holden/Documents/programming/fasm/GunnHax24/Makefile [4ms]
2024-01-27 14:49:36.416 [info] > git cat-file -s 0032170ca7c58355cce3b1efb3f78f7621586992 [1ms]
2024-01-27 14:49:41.867 [info] > git show --textconv :game.asm [13ms]
2024-01-27 14:49:41.869 [info] > git ls-files --stage -- /home/holden/Documents/programming/fasm/GunnHax24/game.asm [5ms]
2024-01-27 14:49:41.876 [info] > git cat-file -s e69de29bb2d1d6434b8b29ae775ad8c2e48c5391 [2ms]
2024-01-27 14:50:38.358 [info] > git show --textconv :data.asm [7ms]
2024-01-27 14:50:38.360 [info] > git ls-files --stage -- /home/holden/Documents/programming/fasm/GunnHax24/data.asm [2ms]
2024-01-27 14:50:38.601 [info] > git check-ignore -v -z --stdin [1ms]
2024-01-27 14:50:39.197 [info] > git config --get commit.template [7ms]
2024-01-27 14:50:39.198 [info] > git for-each-ref --format=%(refname)%00%(upstream:short)%00%(objectname)%00%(upstream:track)%00%(upstream:remotename)%00%(upstream:remoteref) refs/heads/master refs/remotes/master [2ms]
2024-01-27 14:50:39.239 [info] > git status -z -uall [36ms]
2024-01-27 14:50:44.266 [info] > git config --get commit.template [9ms]
2024-01-27 14:50:44.267 [info] > git for-each-ref --format=%(refname)%00%(upstream:short)%00%(objectname)%00%(upstream:track)%00%(upstream:remotename)%00%(upstream:remoteref) refs/heads/master refs/remotes/master [3ms]
2024-01-27 14:50:44.312 [info] > git status -z -uall [39ms]
2024-01-27 14:51:27.380 [info] > git config --get commit.template [7ms]
2024-01-27 14:51:27.381 [info] > git for-each-ref --format=%(refname)%00%(upstream:short)%00%(objectname)%00%(upstream:track)%00%(upstream:remotename)%00%(upstream:remoteref) refs/heads/master refs/remotes/master [2ms]
2024-01-27 14:51:27.422 [info] > git status -z -uall [36ms]
2024-01-27 14:53:08.438 [info] > git config --get commit.template [7ms]
2024-01-27 14:53:08.438 [info] > git for-each-ref --format=%(refname)%00%(upstream:short)%00%(objectname)%00%(upstream:track)%00%(upstream:remotename)%00%(upstream:remoteref) refs/heads/master refs/remotes/master [1ms]
2024-01-27 14:53:08.479 [info] > git status -z -uall [35ms]
2024-01-27 14:53:24.245 [info] > git config --get commit.template [8ms]
2024-01-27 14:53:24.246 [info] > git for-each-ref --format=%(refname)%00%(upstream:short)%00%(objectname)%00%(upstream:track)%00%(upstream:remotename)%00%(upstream:remoteref) refs/heads/master refs/remotes/master [2ms]
2024-01-27 14:53:24.287 [info] > git status -z -uall [35ms]
2024-01-27 14:53:32.252 [info] > git show --textconv :Makefile [12ms]
2024-01-27 14:53:32.254 [info] > git ls-files --stage -- /home/holden/Documents/programming/fasm/GunnHax24/Makefile [3ms]
2024-01-27 14:53:32.277 [info] > git cat-file -s 0032170ca7c58355cce3b1efb3f78f7621586992 [4ms]
2024-01-27 14:53:41.707 [info] > git show --textconv :Makefile [12ms]
2024-01-27 14:53:41.709 [info] > git ls-files --stage -- /home/holden/Documents/programming/fasm/GunnHax24/Makefile [2ms]
2024-01-27 14:53:41.719 [info] > git cat-file -s 0032170ca7c58355cce3b1efb3f78f7621586992 [4ms]
2024-01-27 14:56:35.034 [info] > git config --get commit.template [2ms]
2024-01-27 14:56:35.042 [info] > git for-each-ref --format=%(refname)%00%(upstream:short)%00%(objectname)%00%(upstream:track)%00%(upstream:remotename)%00%(upstream:remoteref) refs/heads/master refs/remotes/master [2ms]
2024-01-27 14:56:35.092 [info] > git status -z -uall [42ms]
2024-01-27 14:56:53.800 [info] > git config --get commit.template [7ms]
2024-01-27 14:56:53.801 [info] > git for-each-ref --format=%(refname)%00%(upstream:short)%00%(objectname)%00%(upstream:track)%00%(upstream:remotename)%00%(upstream:remoteref) refs/heads/master refs/remotes/master [2ms]
2024-01-27 14:56:53.842 [info] > git status -z -uall [35ms]
2024-01-27 14:56:55.429 [info] > git check-ignore -v -z --stdin [1ms]
2024-01-27 14:56:58.872 [info] > git config --get commit.template [7ms]
2024-01-27 14:56:58.873 [info] > git for-each-ref --format=%(refname)%00%(upstream:short)%00%(objectname)%00%(upstream:track)%00%(upstream:remotename)%00%(upstream:remoteref) refs/heads/master refs/remotes/master [2ms]
2024-01-27 14:56:58.914 [info] > git status -z -uall [35ms]
2024-01-27 14:57:07.852 [info] > git config --get commit.template [10ms]
2024-01-27 14:57:07.852 [info] > git for-each-ref --format=%(refname)%00%(upstream:short)%00%(objectname)%00%(upstream:track)%00%(upstream:remotename)%00%(upstream:remoteref) refs/heads/master refs/remotes/master [1ms]
2024-01-27 14:57:07.904 [info] > git status -z -uall [43ms]
2024-01-27 14:57:20.072 [info] > git config --get commit.template [2ms]
2024-01-27 14:57:20.082 [info] > git for-each-ref --format=%(refname)%00%(upstream:short)%00%(objectname)%00%(upstream:track)%00%(upstream:remotename)%00%(upstream:remoteref) refs/heads/master refs/remotes/master [2ms]
2024-01-27 14:57:20.133 [info] > git status -z -uall [41ms]
2024-01-27 14:57:23.146 [info] > git check-ignore -v -z --stdin [1ms]
2024-01-27 14:57:25.157 [info] > git config --get commit.template [7ms]
2024-01-27 14:57:25.158 [info] > git for-each-ref --format=%(refname)%00%(upstream:short)%00%(objectname)%00%(upstream:track)%00%(upstream:remotename)%00%(upstream:remoteref) refs/heads/master refs/remotes/master [1ms]
2024-01-27 14:57:25.198 [info] > git status -z -uall [35ms]
2024-01-27 14:58:01.819 [info] > git config --get commit.template [10ms]
2024-01-27 14:58:01.821 [info] > git for-each-ref --format=%(refname)%00%(upstream:short)%00%(objectname)%00%(upstream:track)%00%(upstream:remotename)%00%(upstream:remoteref) refs/heads/master refs/remotes/master [2ms]
2024-01-27 14:58:01.867 [info] > git status -z -uall [39ms]
2024-01-27 14:58:06.890 [info] > git config --get commit.template [7ms]
2024-01-27 14:58:06.891 [info] > git for-each-ref --format=%(refname)%00%(upstream:short)%00%(objectname)%00%(upstream:track)%00%(upstream:remotename)%00%(upstream:remoteref) refs/heads/master refs/remotes/master [2ms]
2024-01-27 14:58:06.932 [info] > git status -z -uall [35ms]
2024-01-27 14:59:14.148 [info] > git config --get commit.template [17ms]
2024-01-27 14:59:14.149 [info] > git for-each-ref --format=%(refname)%00%(upstream:short)%00%(objectname)%00%(upstream:track)%00%(upstream:remotename)%00%(upstream:remoteref) refs/heads/master refs/remotes/master [3ms]
2024-01-27 14:59:14.193 [info] > git status -z -uall [38ms]
2024-01-27 14:59:44.162 [info] > git config --get commit.template [10ms]
2024-01-27 14:59:44.164 [info] > git for-each-ref --format=%(refname)%00%(upstream:short)%00%(objectname)%00%(upstream:track)%00%(upstream:remotename)%00%(upstream:remoteref) refs/heads/master refs/remotes/master [3ms]
2024-01-27 14:59:44.219 [info] > git status -z -uall [45ms]
2024-01-27 15:00:07.138 [info] > git config --get commit.template [12ms]
2024-01-27 15:00:07.139 [info] > git for-each-ref --format=%(refname)%00%(upstream:short)%00%(objectname)%00%(upstream:track)%00%(upstream:remotename)%00%(upstream:remoteref) refs/heads/master refs/remotes/master [4ms]
2024-01-27 15:00:07.223 [info] > git status -z -uall [73ms]
2024-01-27 15:00:12.246 [info] > git config --get commit.template [6ms]
2024-01-27 15:00:12.247 [info] > git for-each-ref --format=%(refname)%00%(upstream:short)%00%(objectname)%00%(upstream:track)%00%(upstream:remotename)%00%(upstream:remoteref) refs/heads/master refs/remotes/master [2ms]
2024-01-27 15:00:12.289 [info] > git status -z -uall [36ms]
2024-01-27 15:04:42.262 [info] > git config --get commit.template [10ms]
2024-01-27 15:04:42.263 [info] > git for-each-ref --format=%(refname)%00%(upstream:short)%00%(objectname)%00%(upstream:track)%00%(upstream:remotename)%00%(upstream:remoteref) refs/heads/master refs/remotes/master [2ms]
2024-01-27 15:04:42.310 [info] > git status -z -uall [41ms]
2024-01-27 15:05:46.022 [info] > git config --get commit.template [14ms]
2024-01-27 15:05:46.024 [info] > git for-each-ref --format=%(refname)%00%(upstream:short)%00%(objectname)%00%(upstream:track)%00%(upstream:remotename)%00%(upstream:remoteref) refs/heads/master refs/remotes/master [4ms]
2024-01-27 15:05:46.096 [info] > git status -z -uall [61ms]
2024-01-27 15:09:18.654 [info] > git config --get commit.template [11ms]
2024-01-27 15:09:18.657 [info] > git for-each-ref --format=%(refname)%00%(upstream:short)%00%(objectname)%00%(upstream:track)%00%(upstream:remotename)%00%(upstream:remoteref) refs/heads/master refs/remotes/master [5ms]
2024-01-27 15:09:18.706 [info] > git status -z -uall [42ms]
2024-01-27 15:10:09.260 [info] > git config --get commit.template [18ms]
2024-01-27 15:10:09.263 [info] > git for-each-ref --format=%(refname)%00%(upstream:short)%00%(objectname)%00%(upstream:track)%00%(upstream:remotename)%00%(upstream:remoteref) refs/heads/master refs/remotes/master [3ms]
2024-01-27 15:10:09.332 [info] > git status -z -uall [59ms]
2024-01-27 15:10:52.711 [info] > git config --get commit.template [7ms]
2024-01-27 15:10:52.711 [info] > git for-each-ref --format=%(refname)%00%(upstream:short)%00%(objectname)%00%(upstream:track)%00%(upstream:remotename)%00%(upstream:remoteref) refs/heads/master refs/remotes/master [1ms]
2024-01-27 15:10:52.755 [info] > git status -z -uall [38ms]
2024-01-27 15:11:03.540 [info] > git config --get commit.template [8ms]
2024-01-27 15:11:03.541 [info] > git for-each-ref --format=%(refname)%00%(upstream:short)%00%(objectname)%00%(upstream:track)%00%(upstream:remotename)%00%(upstream:remoteref) refs/heads/master refs/remotes/master [1ms]
2024-01-27 15:11:03.584 [info] > git status -z -uall [37ms]
2024-01-27 15:11:42.989 [info] > git config --get commit.template [18ms]
2024-01-27 15:11:42.993 [info] > git for-each-ref --format=%(refname)%00%(upstream:short)%00%(objectname)%00%(upstream:track)%00%(upstream:remotename)%00%(upstream:remoteref) refs/heads/master refs/remotes/master [7ms]
2024-01-27 15:11:43.061 [info] > git status -z -uall [59ms]
