2024-01-31 14:58:57.975 [info] Reading sessions from keychain...
2024-01-31 14:58:58.026 [info] Getting sessions for all scopes...
2024-01-31 14:58:58.027 [info] Getting sessions for user:email...
2024-01-31 14:58:58.093 [info] Got stored sessions!
2024-01-31 14:58:58.093 [info] Got 1 verified sessions.
2024-01-31 14:58:58.093 [info] Got 1 sessions for ...
2024-01-31 14:58:58.093 [info] Got 0 sessions for user:email...
2024-01-31 14:58:58.172 [info] Getting sessions for all scopes...
2024-01-31 14:58:58.172 [info] Got 1 sessions for ...
2024-01-31 14:59:12.856 [info] Reading sessions from keychain...
2024-01-31 14:59:12.856 [info] Getting sessions for all scopes...
2024-01-31 14:59:12.856 [info] Getting sessions for user:email...
2024-01-31 14:59:12.985 [info] Got stored sessions!
2024-01-31 14:59:12.985 [info] Got 1 verified sessions.
2024-01-31 14:59:12.985 [info] Got 1 sessions for ...
2024-01-31 14:59:12.986 [info] Got 0 sessions for user:email...
2024-01-31 14:59:13.081 [info] Getting sessions for all scopes...
2024-01-31 14:59:13.081 [info] Got 1 sessions for ...
2024-01-31 14:59:13.096 [info] Getting sessions for all scopes...
2024-01-31 14:59:13.096 [info] Got 1 sessions for ...
2024-01-31 15:16:03.385 [info] Reading sessions from keychain...
2024-01-31 15:16:03.387 [info] Getting sessions for all scopes...
2024-01-31 15:16:03.387 [info] Getting sessions for user:email...
2024-01-31 15:16:03.433 [info] Got stored sessions!
2024-01-31 15:16:03.434 [info] Got 1 verified sessions.
2024-01-31 15:16:03.434 [info] Got 1 sessions for ...
2024-01-31 15:16:03.434 [info] Got 0 sessions for user:email...
2024-01-31 15:16:03.638 [info] Getting sessions for all scopes...
2024-01-31 15:16:03.638 [info] Got 1 sessions for ...
2024-01-31 15:16:03.756 [info] Getting sessions for all scopes...
2024-01-31 15:16:03.756 [info] Got 1 sessions for ...
