2024-01-31 14:58:57.408 [info] Extension host with pid 18688 started
2024-01-31 14:58:57.540 [info] ExtensionService#_doActivateExtension vscode.git-base, startup: true, activationEvent: '*', root cause: vscode.git
2024-01-31 14:58:57.560 [info] ExtensionService#_doActivateExtension vscode.git, startup: true, activationEvent: '*'
2024-01-31 14:58:57.655 [info] ExtensionService#_doActivateExtension vscode.github, startup: true, activationEvent: '*'
2024-01-31 14:58:57.794 [info] Eager extensions activated
2024-01-31 14:58:57.798 [info] ExtensionService#_doActivateExtension vscode.github-authentication, startup: false, activationEvent: 'onAuthenticationRequest:github'
2024-01-31 14:58:57.882 [info] ExtensionService#_doActivateExtension vscode.debug-auto-launch, startup: false, activationEvent: 'onStartupFinished'
2024-01-31 14:58:57.891 [info] ExtensionService#_doActivateExtension vscode.merge-conflict, startup: false, activationEvent: 'onStartupFinished'
2024-01-31 14:58:58.095 [info] ExtensionService#_doActivateExtension vscode.microsoft-authentication, startup: false, activationEvent: 'onAuthenticationRequest:microsoft'
2024-01-31 14:59:10.342 [info] Extension host terminating: renderer closed the MessagePort
2024-01-31 14:59:12.446 [info] Extension host with pid 18740 started
2024-01-31 14:59:12.446 [info] Skipping acquiring lock for /home/holden/.config/Code/User/workspaceStorage/1cae08ed23db870829f9f9e67f82753e.
2024-01-31 14:59:12.531 [info] ExtensionService#_doActivateExtension vscode.git-base, startup: true, activationEvent: '*'
2024-01-31 14:59:12.577 [info] ExtensionService#_doActivateExtension vscode.github, startup: true, activationEvent: '*'
2024-01-31 14:59:12.634 [info] Eager extensions activated
2024-01-31 14:59:12.653 [info] ExtensionService#_doActivateExtension vscode.debug-auto-launch, startup: false, activationEvent: 'onStartupFinished'
2024-01-31 14:59:12.669 [info] ExtensionService#_doActivateExtension vscode.merge-conflict, startup: false, activationEvent: 'onStartupFinished'
2024-01-31 14:59:12.706 [info] ExtensionService#_doActivateExtension vscode.github-authentication, startup: false, activationEvent: 'onAuthenticationRequest:github'
2024-01-31 14:59:13.059 [info] ExtensionService#_doActivateExtension vscode.microsoft-authentication, startup: false, activationEvent: 'onAuthenticationRequest:microsoft'
2024-01-31 14:59:15.352 [info] Extension host with pid 18688 exiting with code 0
2024-01-31 14:59:15.613 [info] ExtensionService#_doActivateExtension vscode.git, startup: false, activationEvent: 'api', root cause: vscode.github
2024-01-31 14:59:19.198 [info] ExtensionService#_doActivateExtension vscode.emmet, startup: false, activationEvent: 'onLanguage'
2024-01-31 15:00:21.748 [info] ExtensionService#_doActivateExtension vscode.npm, startup: false, activationEvent: 'onTerminalQuickFixRequest:ms-vscode.npm-command'
2024-01-31 15:16:01.141 [info] Extension host terminating: renderer closed the MessagePort
2024-01-31 15:16:03.078 [info] Extension host with pid 20462 started
2024-01-31 15:16:03.078 [info] Skipping acquiring lock for /home/holden/.config/Code/User/workspaceStorage/13ed59b7a92b23eb3aa1f108941d6fd8.
2024-01-31 15:16:03.252 [info] ExtensionService#_doActivateExtension vscode.github-authentication, startup: false, activationEvent: 'onAuthenticationRequest:github'
2024-01-31 15:16:03.369 [info] ExtensionService#_doActivateExtension vscode.git-base, startup: true, activationEvent: '*'
2024-01-31 15:16:03.456 [info] ExtensionService#_doActivateExtension vscode.github, startup: true, activationEvent: '*'
2024-01-31 15:16:03.495 [info] Eager extensions activated
2024-01-31 15:16:03.549 [info] ExtensionService#_doActivateExtension vscode.microsoft-authentication, startup: false, activationEvent: 'onAuthenticationRequest:microsoft'
2024-01-31 15:16:03.583 [info] ExtensionService#_doActivateExtension vscode.debug-auto-launch, startup: false, activationEvent: 'onStartupFinished'
2024-01-31 15:16:03.591 [info] ExtensionService#_doActivateExtension vscode.merge-conflict, startup: false, activationEvent: 'onStartupFinished'
2024-01-31 15:16:06.159 [info] Extension host with pid 18740 exiting with code 0
2024-01-31 15:16:11.813 [info] ExtensionService#_doActivateExtension vscode.git, startup: false, activationEvent: 'api', root cause: vscode.github
2024-01-31 15:16:20.703 [info] ExtensionService#_doActivateExtension vscode.emmet, startup: false, activationEvent: 'onLanguage'
2024-01-31 15:16:25.298 [info] ExtensionService#_doActivateExtension ms-python.python, startup: false, activationEvent: 'onLanguage:python'
2024-01-31 15:16:25.989 [info] ExtensionService#_doActivateExtension ms-python.vscode-pylance, startup: false, activationEvent: 'onLanguage:python'
2024-01-31 15:17:56.164 [info] ExtensionService#_doActivateExtension vscode.npm, startup: false, activationEvent: 'onTerminalQuickFixRequest:ms-vscode.npm-command'
2024-01-31 15:19:03.917 [info] Extension host terminating: renderer closed the MessagePort
2024-01-31 15:19:08.933 [info] Extension host with pid 20462 exiting with code 0
