2024-01-27 14:48:20.513 [info] Reading sessions from keychain...
2024-01-27 14:48:20.513 [info] Getting sessions for all scopes...
2024-01-27 14:48:20.515 [info] Getting sessions for user:email...
2024-01-27 14:48:20.647 [info] Getting sessions for all scopes...
2024-01-27 14:48:20.664 [info] Got stored sessions!
2024-01-27 14:48:20.664 [info] Got 1 verified sessions.
2024-01-27 14:48:20.664 [info] Got 1 sessions for ...
2024-01-27 14:48:20.664 [info] Got 0 sessions for user:email...
2024-01-27 14:48:20.665 [info] Got 1 sessions for ...
2024-01-27 14:48:21.015 [info] Getting sessions for all scopes...
2024-01-27 14:48:21.016 [info] Got 1 sessions for ...
2024-01-27 14:49:07.042 [info] Reading sessions from keychain...
2024-01-27 14:49:07.042 [info] Getting sessions for all scopes...
2024-01-27 14:49:07.042 [info] Getting sessions for user:email...
2024-01-27 14:49:07.117 [info] Got stored sessions!
2024-01-27 14:49:07.118 [info] Got 1 verified sessions.
2024-01-27 14:49:07.118 [info] Got 1 sessions for ...
2024-01-27 14:49:07.118 [info] Got 0 sessions for user:email...
2024-01-27 14:49:07.127 [info] Getting sessions for all scopes...
2024-01-27 14:49:07.127 [info] Got 1 sessions for ...
2024-01-27 14:49:07.164 [info] Getting sessions for all scopes...
2024-01-27 14:49:07.164 [info] Got 1 sessions for ...
2024-01-27 14:49:10.944 [info] Getting sessions for read:user,repo,user:email,workflow...
2024-01-27 14:49:10.944 [info] Got 1 sessions for read:user,repo,user:email,workflow...
2024-01-27 14:49:12.213 [info] Getting sessions for read:user,repo,user:email,workflow...
2024-01-27 14:49:12.213 [info] Got 1 sessions for read:user,repo,user:email,workflow...
